2024-04-12 07:35:48.9850|INFO|Microsoft.AspNetCore.DataProtection.KeyManagement.XmlKeyManager|User profile is available. Using 'C:\Users\padma\AppData\Local\ASP.NET\DataProtection-Keys' as key repository and Windows DPAPI to encrypt keys at rest.
2024-04-12 07:35:49.8593|INFO|Microsoft.Hosting.Lifetime|Now listening on: https://localhost:7186
2024-04-12 07:35:49.8593|INFO|Microsoft.Hosting.Lifetime|Now listening on: http://localhost:5138
2024-04-12 07:35:49.9633|INFO|Microsoft.Hosting.Lifetime|Application started. Press Ctrl+C to shut down.
2024-04-12 07:35:49.9633|INFO|Microsoft.Hosting.Lifetime|Hosting environment: Development
2024-04-12 07:35:49.9633|INFO|Microsoft.Hosting.Lifetime|Content root path: D:\C#Projects\FundooNotes\FundooNotes
2024-04-12 07:35:51.6554|INFO|Microsoft.AspNetCore.Hosting.Diagnostics|Request starting HTTP/2 GET https://localhost:7186/swagger/index.html - - -
2024-04-12 07:35:53.6164|INFO|Microsoft.AspNetCore.Hosting.Diagnostics|Request finished HTTP/2 GET https://localhost:7186/swagger/index.html - 200 - text/html;charset=utf-8 1958.4886ms
2024-04-12 07:35:53.6231|INFO|Microsoft.AspNetCore.Hosting.Diagnostics|Request starting HTTP/2 GET https://localhost:7186/_framework/aspnetcore-browser-refresh.js - - -
2024-04-12 07:35:53.6231|INFO|Microsoft.AspNetCore.Hosting.Diagnostics|Request starting HTTP/2 GET https://localhost:7186/_vs/browserLink - - -
2024-04-12 07:35:53.6231|INFO|Microsoft.AspNetCore.Hosting.Diagnostics|Request finished HTTP/2 GET https://localhost:7186/_framework/aspnetcore-browser-refresh.js - 200 13758 application/javascript;+charset=utf-8 9.2131ms
2024-04-12 07:35:53.7442|INFO|Microsoft.AspNetCore.Hosting.Diagnostics|Request finished HTTP/2 GET https://localhost:7186/_vs/browserLink - 200 - text/javascript;+charset=UTF-8 118.9358ms
2024-04-12 07:35:53.8403|INFO|Microsoft.AspNetCore.Hosting.Diagnostics|Request starting HTTP/2 GET https://localhost:7186/swagger/v1/swagger.json - - -
2024-04-12 07:35:54.1331|INFO|Microsoft.AspNetCore.Hosting.Diagnostics|Request finished HTTP/2 GET https://localhost:7186/swagger/v1/swagger.json - 200 - application/json;charset=utf-8 292.7717ms
2024-04-12 07:36:52.3326|INFO|Microsoft.AspNetCore.Hosting.Diagnostics|Request starting HTTP/2 POST https://localhost:7186/api/User/SignUp - application/json 121
2024-04-12 07:36:52.3479|INFO|Microsoft.AspNetCore.Cors.Infrastructure.CorsService|CORS policy execution successful.
2024-04-12 07:36:52.3556|INFO|Microsoft.AspNetCore.Routing.EndpointMiddleware|Executing endpoint 'FundooNotes.Controllers.UserController.Insert (FundooNotes)'
2024-04-12 07:36:52.4252|INFO|Microsoft.AspNetCore.Mvc.Infrastructure.ControllerActionInvoker|Route matched with {action = "Insert", controller = "User"}. Executing controller action with signature System.Threading.Tasks.Task`1[Microsoft.AspNetCore.Mvc.IActionResult] Insert(ModelLayer.Entities.User) on controller FundooNotes.Controllers.UserController (FundooNotes).
2024-04-12 07:36:54.7615|INFO|RepositoryLayer.Service.UserService|Registration done successfully
2024-04-12 07:36:54.7615|INFO|Microsoft.AspNetCore.Mvc.Infrastructure.ObjectResultExecutor|Executing OkObjectResult, writing value of type 'System.String'.
2024-04-12 07:36:54.7923|INFO|Microsoft.AspNetCore.Mvc.Infrastructure.ControllerActionInvoker|Executed action FundooNotes.Controllers.UserController.Insert (FundooNotes) in 2352.7302ms
2024-04-12 07:36:54.7923|INFO|Microsoft.AspNetCore.Routing.EndpointMiddleware|Executed endpoint 'FundooNotes.Controllers.UserController.Insert (FundooNotes)'
2024-04-12 07:36:54.7923|INFO|Microsoft.AspNetCore.Hosting.Diagnostics|Request finished HTTP/2 POST https://localhost:7186/api/User/SignUp - 200 - text/plain;+charset=utf-8 2461.3043ms
2024-04-12 07:54:46.2593|INFO|Microsoft.AspNetCore.Hosting.Diagnostics|Request starting HTTP/2 OPTIONS https://localhost:7186/api/User/SignUp - - -
2024-04-12 07:54:46.2658|INFO|Microsoft.AspNetCore.Cors.Infrastructure.CorsService|CORS policy execution successful.
2024-04-12 07:54:46.2658|INFO|Microsoft.AspNetCore.Hosting.Diagnostics|Request finished HTTP/2 OPTIONS https://localhost:7186/api/User/SignUp - 204 - - 7.6663ms
2024-04-12 07:54:46.2658|INFO|Microsoft.AspNetCore.Hosting.Diagnostics|Request starting HTTP/2 POST https://localhost:7186/api/User/SignUp - application/json 102
2024-04-12 07:54:46.2658|INFO|Microsoft.AspNetCore.Cors.Infrastructure.CorsService|CORS policy execution successful.
2024-04-12 07:54:46.2658|INFO|Microsoft.AspNetCore.Routing.EndpointMiddleware|Executing endpoint 'FundooNotes.Controllers.UserController.Insert (FundooNotes)'
2024-04-12 07:54:46.2658|INFO|Microsoft.AspNetCore.Mvc.Infrastructure.ControllerActionInvoker|Route matched with {action = "Insert", controller = "User"}. Executing controller action with signature System.Threading.Tasks.Task`1[Microsoft.AspNetCore.Mvc.IActionResult] Insert(ModelLayer.Entities.User) on controller FundooNotes.Controllers.UserController (FundooNotes).
2024-04-12 07:54:46.2772|ERROR|RepositoryLayer.Service.UserService|All parameters (firstname, lastname, emailid, password) are required.......... exception occurred
2024-04-12 07:54:46.2772|INFO|Microsoft.AspNetCore.Mvc.Infrastructure.ObjectResultExecutor|Executing BadRequestObjectResult, writing value of type 'System.String'.
2024-04-12 07:54:46.2772|INFO|Microsoft.AspNetCore.Mvc.Infrastructure.ControllerActionInvoker|Executed action FundooNotes.Controllers.UserController.Insert (FundooNotes) in 8.2416ms
2024-04-12 07:54:46.2772|INFO|Microsoft.AspNetCore.Routing.EndpointMiddleware|Executed endpoint 'FundooNotes.Controllers.UserController.Insert (FundooNotes)'
2024-04-12 07:54:46.2772|INFO|Microsoft.AspNetCore.Hosting.Diagnostics|Request finished HTTP/2 POST https://localhost:7186/api/User/SignUp - 400 - text/plain;+charset=utf-8 10.4995ms
2024-04-12 07:58:48.5242|INFO|Microsoft.AspNetCore.Hosting.Diagnostics|Request starting HTTP/2 OPTIONS https://localhost:7186/api/User/SignUp - - -
2024-04-12 07:58:48.5242|INFO|Microsoft.AspNetCore.Cors.Infrastructure.CorsService|CORS policy execution successful.
2024-04-12 07:58:48.5242|INFO|Microsoft.AspNetCore.Hosting.Diagnostics|Request finished HTTP/2 OPTIONS https://localhost:7186/api/User/SignUp - 204 - - 0.8047ms
2024-04-12 07:58:48.5270|INFO|Microsoft.AspNetCore.Hosting.Diagnostics|Request starting HTTP/2 POST https://localhost:7186/api/User/SignUp - application/json 91
2024-04-12 07:58:48.5270|INFO|Microsoft.AspNetCore.Cors.Infrastructure.CorsService|CORS policy execution successful.
2024-04-12 07:58:48.5270|INFO|Microsoft.AspNetCore.Routing.EndpointMiddleware|Executing endpoint 'FundooNotes.Controllers.UserController.Insert (FundooNotes)'
2024-04-12 07:58:48.5270|INFO|Microsoft.AspNetCore.Mvc.Infrastructure.ControllerActionInvoker|Route matched with {action = "Insert", controller = "User"}. Executing controller action with signature System.Threading.Tasks.Task`1[Microsoft.AspNetCore.Mvc.IActionResult] Insert(ModelLayer.Entities.User) on controller FundooNotes.Controllers.UserController (FundooNotes).
2024-04-12 07:58:48.5270|ERROR|RepositoryLayer.Service.UserService|All parameters (firstname, lastname, emailid, password) are required.......... exception occurred
2024-04-12 07:58:48.5270|INFO|Microsoft.AspNetCore.Mvc.Infrastructure.ObjectResultExecutor|Executing BadRequestObjectResult, writing value of type 'System.String'.
2024-04-12 07:58:48.5270|INFO|Microsoft.AspNetCore.Mvc.Infrastructure.ControllerActionInvoker|Executed action FundooNotes.Controllers.UserController.Insert (FundooNotes) in 7.5705ms
2024-04-12 07:58:48.5270|INFO|Microsoft.AspNetCore.Routing.EndpointMiddleware|Executed endpoint 'FundooNotes.Controllers.UserController.Insert (FundooNotes)'
2024-04-12 07:58:48.5270|INFO|Microsoft.AspNetCore.Hosting.Diagnostics|Request finished HTTP/2 POST https://localhost:7186/api/User/SignUp - 400 - text/plain;+charset=utf-8 8.6723ms
2024-04-12 07:58:52.8304|INFO|Microsoft.AspNetCore.Hosting.Diagnostics|Request starting HTTP/2 GET https://localhost:7186/api/User/SignUp - - -
2024-04-12 07:58:52.8408|INFO|Microsoft.AspNetCore.Routing.EndpointMiddleware|Executing endpoint '405 HTTP Method Not Supported'
2024-04-12 07:58:52.8408|INFO|Microsoft.AspNetCore.Routing.EndpointMiddleware|Executed endpoint '405 HTTP Method Not Supported'
2024-04-12 07:58:52.8408|INFO|Microsoft.AspNetCore.Hosting.Diagnostics|Request finished HTTP/2 GET https://localhost:7186/api/User/SignUp - 405 0 - 10.9683ms
2024-04-12 07:59:23.7218|INFO|Microsoft.AspNetCore.Hosting.Diagnostics|Request starting HTTP/2 OPTIONS https://localhost:7186/api/User/SignUp - - -
2024-04-12 07:59:23.7218|INFO|Microsoft.AspNetCore.Cors.Infrastructure.CorsService|CORS policy execution successful.
2024-04-12 07:59:23.7218|INFO|Microsoft.AspNetCore.Hosting.Diagnostics|Request finished HTTP/2 OPTIONS https://localhost:7186/api/User/SignUp - 204 - - 0.7059ms
2024-04-12 07:59:23.7218|INFO|Microsoft.AspNetCore.Hosting.Diagnostics|Request starting HTTP/2 POST https://localhost:7186/api/User/SignUp - application/json 92
2024-04-12 07:59:23.7218|INFO|Microsoft.AspNetCore.Cors.Infrastructure.CorsService|CORS policy execution successful.
2024-04-12 07:59:23.7218|INFO|Microsoft.AspNetCore.Routing.EndpointMiddleware|Executing endpoint 'FundooNotes.Controllers.UserController.Insert (FundooNotes)'
2024-04-12 07:59:23.7218|INFO|Microsoft.AspNetCore.Mvc.Infrastructure.ControllerActionInvoker|Route matched with {action = "Insert", controller = "User"}. Executing controller action with signature System.Threading.Tasks.Task`1[Microsoft.AspNetCore.Mvc.IActionResult] Insert(ModelLayer.Entities.User) on controller FundooNotes.Controllers.UserController (FundooNotes).
2024-04-12 07:59:23.7218|ERROR|RepositoryLayer.Service.UserService|All parameters (firstname, lastname, emailid, password) are required.......... exception occurred
2024-04-12 07:59:23.7218|INFO|Microsoft.AspNetCore.Mvc.Infrastructure.ObjectResultExecutor|Executing BadRequestObjectResult, writing value of type 'System.String'.
2024-04-12 07:59:23.7218|INFO|Microsoft.AspNetCore.Mvc.Infrastructure.ControllerActionInvoker|Executed action FundooNotes.Controllers.UserController.Insert (FundooNotes) in 0.8347ms
2024-04-12 07:59:23.7218|INFO|Microsoft.AspNetCore.Routing.EndpointMiddleware|Executed endpoint 'FundooNotes.Controllers.UserController.Insert (FundooNotes)'
2024-04-12 07:59:23.7218|INFO|Microsoft.AspNetCore.Hosting.Diagnostics|Request finished HTTP/2 POST https://localhost:7186/api/User/SignUp - 400 - text/plain;+charset=utf-8 1.6989ms
2024-04-12 07:59:26.5284|INFO|Microsoft.AspNetCore.Hosting.Diagnostics|Request starting HTTP/2 POST https://localhost:7186/api/User/SignUp - application/json 92
2024-04-12 07:59:26.5284|INFO|Microsoft.AspNetCore.Cors.Infrastructure.CorsService|CORS policy execution successful.
2024-04-12 07:59:26.5284|INFO|Microsoft.AspNetCore.Routing.EndpointMiddleware|Executing endpoint 'FundooNotes.Controllers.UserController.Insert (FundooNotes)'
2024-04-12 07:59:26.5284|INFO|Microsoft.AspNetCore.Mvc.Infrastructure.ControllerActionInvoker|Route matched with {action = "Insert", controller = "User"}. Executing controller action with signature System.Threading.Tasks.Task`1[Microsoft.AspNetCore.Mvc.IActionResult] Insert(ModelLayer.Entities.User) on controller FundooNotes.Controllers.UserController (FundooNotes).
2024-04-12 07:59:26.5284|ERROR|RepositoryLayer.Service.UserService|All parameters (firstname, lastname, emailid, password) are required.......... exception occurred
2024-04-12 07:59:26.5284|INFO|Microsoft.AspNetCore.Mvc.Infrastructure.ObjectResultExecutor|Executing BadRequestObjectResult, writing value of type 'System.String'.
2024-04-12 07:59:26.5284|INFO|Microsoft.AspNetCore.Mvc.Infrastructure.ControllerActionInvoker|Executed action FundooNotes.Controllers.UserController.Insert (FundooNotes) in 1.0562ms
2024-04-12 07:59:26.5284|INFO|Microsoft.AspNetCore.Routing.EndpointMiddleware|Executed endpoint 'FundooNotes.Controllers.UserController.Insert (FundooNotes)'
2024-04-12 07:59:26.5284|INFO|Microsoft.AspNetCore.Hosting.Diagnostics|Request finished HTTP/2 POST https://localhost:7186/api/User/SignUp - 400 - text/plain;+charset=utf-8 2.0946ms
2024-04-12 07:59:42.2024|INFO|Microsoft.AspNetCore.Hosting.Diagnostics|Request starting HTTP/2 OPTIONS https://localhost:7186/api/User/SignUp - - -
2024-04-12 07:59:42.2024|INFO|Microsoft.AspNetCore.Cors.Infrastructure.CorsService|CORS policy execution successful.
2024-04-12 07:59:42.2024|INFO|Microsoft.AspNetCore.Hosting.Diagnostics|Request finished HTTP/2 OPTIONS https://localhost:7186/api/User/SignUp - 204 - - 0.5216ms
2024-04-12 07:59:42.2024|INFO|Microsoft.AspNetCore.Hosting.Diagnostics|Request starting HTTP/2 POST https://localhost:7186/api/User/SignUp - application/json 92
2024-04-12 07:59:42.2024|INFO|Microsoft.AspNetCore.Cors.Infrastructure.CorsService|CORS policy execution successful.
2024-04-12 07:59:42.2024|INFO|Microsoft.AspNetCore.Routing.EndpointMiddleware|Executing endpoint 'FundooNotes.Controllers.UserController.Insert (FundooNotes)'
2024-04-12 07:59:42.2024|INFO|Microsoft.AspNetCore.Mvc.Infrastructure.ControllerActionInvoker|Route matched with {action = "Insert", controller = "User"}. Executing controller action with signature System.Threading.Tasks.Task`1[Microsoft.AspNetCore.Mvc.IActionResult] Insert(ModelLayer.Entities.User) on controller FundooNotes.Controllers.UserController (FundooNotes).
2024-04-12 07:59:42.2024|ERROR|RepositoryLayer.Service.UserService|All parameters (firstname, lastname, emailid, password) are required.......... exception occurred
2024-04-12 07:59:42.2024|INFO|Microsoft.AspNetCore.Mvc.Infrastructure.ObjectResultExecutor|Executing BadRequestObjectResult, writing value of type 'System.String'.
2024-04-12 07:59:42.2024|INFO|Microsoft.AspNetCore.Mvc.Infrastructure.ControllerActionInvoker|Executed action FundooNotes.Controllers.UserController.Insert (FundooNotes) in 1.2931ms
2024-04-12 07:59:42.2024|INFO|Microsoft.AspNetCore.Routing.EndpointMiddleware|Executed endpoint 'FundooNotes.Controllers.UserController.Insert (FundooNotes)'
2024-04-12 07:59:42.2024|INFO|Microsoft.AspNetCore.Hosting.Diagnostics|Request finished HTTP/2 POST https://localhost:7186/api/User/SignUp - 400 - text/plain;+charset=utf-8 2.4901ms
2024-04-12 08:00:03.3781|INFO|Microsoft.AspNetCore.Hosting.Diagnostics|Request starting HTTP/2 OPTIONS https://localhost:7186/api/User/SignUp - - -
2024-04-12 08:00:03.3781|INFO|Microsoft.AspNetCore.Cors.Infrastructure.CorsService|CORS policy execution successful.
2024-04-12 08:00:03.3781|INFO|Microsoft.AspNetCore.Hosting.Diagnostics|Request finished HTTP/2 OPTIONS https://localhost:7186/api/User/SignUp - 204 - - 0.8900ms
2024-04-12 08:00:03.3781|INFO|Microsoft.AspNetCore.Hosting.Diagnostics|Request starting HTTP/2 POST https://localhost:7186/api/User/SignUp - application/json 92
2024-04-12 08:00:03.3781|INFO|Microsoft.AspNetCore.Cors.Infrastructure.CorsService|CORS policy execution successful.
2024-04-12 08:00:03.3781|INFO|Microsoft.AspNetCore.Routing.EndpointMiddleware|Executing endpoint 'FundooNotes.Controllers.UserController.Insert (FundooNotes)'
2024-04-12 08:00:03.3781|INFO|Microsoft.AspNetCore.Mvc.Infrastructure.ControllerActionInvoker|Route matched with {action = "Insert", controller = "User"}. Executing controller action with signature System.Threading.Tasks.Task`1[Microsoft.AspNetCore.Mvc.IActionResult] Insert(ModelLayer.Entities.User) on controller FundooNotes.Controllers.UserController (FundooNotes).
2024-04-12 08:00:03.3781|ERROR|RepositoryLayer.Service.UserService|All parameters (firstname, lastname, emailid, password) are required.......... exception occurred
2024-04-12 08:00:03.3781|INFO|Microsoft.AspNetCore.Mvc.Infrastructure.ObjectResultExecutor|Executing BadRequestObjectResult, writing value of type 'System.String'.
2024-04-12 08:00:03.3781|INFO|Microsoft.AspNetCore.Mvc.Infrastructure.ControllerActionInvoker|Executed action FundooNotes.Controllers.UserController.Insert (FundooNotes) in 1.278ms
2024-04-12 08:00:03.3781|INFO|Microsoft.AspNetCore.Routing.EndpointMiddleware|Executed endpoint 'FundooNotes.Controllers.UserController.Insert (FundooNotes)'
2024-04-12 08:00:03.3781|INFO|Microsoft.AspNetCore.Hosting.Diagnostics|Request finished HTTP/2 POST https://localhost:7186/api/User/SignUp - 400 - text/plain;+charset=utf-8 2.5599ms
2024-04-12 08:00:07.4833|INFO|Microsoft.AspNetCore.Hosting.Diagnostics|Request starting HTTP/2 POST https://localhost:7186/api/User/SignUp - application/json 92
2024-04-12 08:00:07.4833|INFO|Microsoft.AspNetCore.Cors.Infrastructure.CorsService|CORS policy execution successful.
2024-04-12 08:00:07.4833|INFO|Microsoft.AspNetCore.Routing.EndpointMiddleware|Executing endpoint 'FundooNotes.Controllers.UserController.Insert (FundooNotes)'
2024-04-12 08:00:07.4833|INFO|Microsoft.AspNetCore.Mvc.Infrastructure.ControllerActionInvoker|Route matched with {action = "Insert", controller = "User"}. Executing controller action with signature System.Threading.Tasks.Task`1[Microsoft.AspNetCore.Mvc.IActionResult] Insert(ModelLayer.Entities.User) on controller FundooNotes.Controllers.UserController (FundooNotes).
2024-04-12 08:00:07.4833|ERROR|RepositoryLayer.Service.UserService|All parameters (firstname, lastname, emailid, password) are required.......... exception occurred
2024-04-12 08:00:07.4833|INFO|Microsoft.AspNetCore.Mvc.Infrastructure.ObjectResultExecutor|Executing BadRequestObjectResult, writing value of type 'System.String'.
2024-04-12 08:00:07.4833|INFO|Microsoft.AspNetCore.Mvc.Infrastructure.ControllerActionInvoker|Executed action FundooNotes.Controllers.UserController.Insert (FundooNotes) in 1.3801ms
2024-04-12 08:00:07.4833|INFO|Microsoft.AspNetCore.Routing.EndpointMiddleware|Executed endpoint 'FundooNotes.Controllers.UserController.Insert (FundooNotes)'
2024-04-12 08:00:07.4833|INFO|Microsoft.AspNetCore.Hosting.Diagnostics|Request finished HTTP/2 POST https://localhost:7186/api/User/SignUp - 400 - text/plain;+charset=utf-8 2.7133ms
2024-04-12 08:00:11.5006|INFO|Microsoft.AspNetCore.Hosting.Diagnostics|Request starting HTTP/2 OPTIONS https://localhost:7186/api/User/SignUp - - -
2024-04-12 08:00:11.5006|INFO|Microsoft.AspNetCore.Cors.Infrastructure.CorsService|CORS policy execution successful.
2024-04-12 08:00:11.5006|INFO|Microsoft.AspNetCore.Hosting.Diagnostics|Request finished HTTP/2 OPTIONS https://localhost:7186/api/User/SignUp - 204 - - 0.6962ms
2024-04-12 08:00:11.5006|INFO|Microsoft.AspNetCore.Hosting.Diagnostics|Request starting HTTP/2 POST https://localhost:7186/api/User/SignUp - application/json 92
2024-04-12 08:00:11.5006|INFO|Microsoft.AspNetCore.Cors.Infrastructure.CorsService|CORS policy execution successful.
2024-04-12 08:00:11.5006|INFO|Microsoft.AspNetCore.Routing.EndpointMiddleware|Executing endpoint 'FundooNotes.Controllers.UserController.Insert (FundooNotes)'
2024-04-12 08:00:11.5006|INFO|Microsoft.AspNetCore.Mvc.Infrastructure.ControllerActionInvoker|Route matched with {action = "Insert", controller = "User"}. Executing controller action with signature System.Threading.Tasks.Task`1[Microsoft.AspNetCore.Mvc.IActionResult] Insert(ModelLayer.Entities.User) on controller FundooNotes.Controllers.UserController (FundooNotes).
2024-04-12 08:00:11.5006|ERROR|RepositoryLayer.Service.UserService|All parameters (firstname, lastname, emailid, password) are required.......... exception occurred
2024-04-12 08:00:11.5006|INFO|Microsoft.AspNetCore.Mvc.Infrastructure.ObjectResultExecutor|Executing BadRequestObjectResult, writing value of type 'System.String'.
2024-04-12 08:00:11.5006|INFO|Microsoft.AspNetCore.Mvc.Infrastructure.ControllerActionInvoker|Executed action FundooNotes.Controllers.UserController.Insert (FundooNotes) in 1.2259ms
2024-04-12 08:00:11.5006|INFO|Microsoft.AspNetCore.Routing.EndpointMiddleware|Executed endpoint 'FundooNotes.Controllers.UserController.Insert (FundooNotes)'
2024-04-12 08:00:11.5006|INFO|Microsoft.AspNetCore.Hosting.Diagnostics|Request finished HTTP/2 POST https://localhost:7186/api/User/SignUp - 400 - text/plain;+charset=utf-8 2.4565ms
2024-04-12 11:18:02.1776|INFO|Microsoft.AspNetCore.DataProtection.KeyManagement.XmlKeyManager|User profile is available. Using 'C:\Users\padma\AppData\Local\ASP.NET\DataProtection-Keys' as key repository and Windows DPAPI to encrypt keys at rest.
2024-04-12 11:18:02.7615|INFO|Microsoft.Hosting.Lifetime|Now listening on: https://localhost:7186
2024-04-12 11:18:02.7615|INFO|Microsoft.Hosting.Lifetime|Now listening on: http://localhost:5138
2024-04-12 11:18:02.8120|INFO|Microsoft.Hosting.Lifetime|Application started. Press Ctrl+C to shut down.
2024-04-12 11:18:02.8120|INFO|Microsoft.Hosting.Lifetime|Hosting environment: Development
2024-04-12 11:18:02.8120|INFO|Microsoft.Hosting.Lifetime|Content root path: D:\C#Projects\FundooNotes\FundooNotes
2024-04-12 11:18:03.2895|INFO|Microsoft.AspNetCore.Hosting.Diagnostics|Request starting HTTP/2 GET https://localhost:7186/swagger/index.html - - -
2024-04-12 11:18:04.6838|INFO|Microsoft.AspNetCore.Hosting.Diagnostics|Request starting HTTP/2 GET https://localhost:7186/_framework/aspnetcore-browser-refresh.js - - -
2024-04-12 11:18:04.6838|INFO|Microsoft.AspNetCore.Hosting.Diagnostics|Request finished HTTP/2 GET https://localhost:7186/swagger/index.html - 200 - text/html;charset=utf-8 1395.3289ms
2024-04-12 11:18:04.6838|INFO|Microsoft.AspNetCore.Hosting.Diagnostics|Request starting HTTP/2 GET https://localhost:7186/_vs/browserLink - - -
2024-04-12 11:18:04.6838|INFO|Microsoft.AspNetCore.Hosting.Diagnostics|Request finished HTTP/2 GET https://localhost:7186/_framework/aspnetcore-browser-refresh.js - 200 13758 application/javascript;+charset=utf-8 4.1582ms
2024-04-12 11:18:04.7487|INFO|Microsoft.AspNetCore.Hosting.Diagnostics|Request finished HTTP/2 GET https://localhost:7186/_vs/browserLink - 200 - text/javascript;+charset=UTF-8 61.8945ms
2024-04-12 11:18:04.8050|INFO|Microsoft.AspNetCore.Hosting.Diagnostics|Request starting HTTP/2 GET https://localhost:7186/swagger/v1/swagger.json - - -
2024-04-12 11:18:04.9210|INFO|Microsoft.AspNetCore.Hosting.Diagnostics|Request finished HTTP/2 GET https://localhost:7186/swagger/v1/swagger.json - 200 - application/json;charset=utf-8 115.8629ms
2024-04-12 11:18:34.4464|INFO|Microsoft.AspNetCore.Hosting.Diagnostics|Request starting HTTP/2 POST https://localhost:7186/api/User/SignUp - application/json 112
2024-04-12 11:18:34.4565|INFO|Microsoft.AspNetCore.Cors.Infrastructure.CorsService|CORS policy execution successful.
2024-04-12 11:18:34.4651|INFO|Microsoft.AspNetCore.Routing.EndpointMiddleware|Executing endpoint 'FundooNotes.Controllers.UserController.Insert (FundooNotes)'
2024-04-12 11:18:34.4967|INFO|Microsoft.AspNetCore.Mvc.Infrastructure.ControllerActionInvoker|Route matched with {action = "Insert", controller = "User"}. Executing controller action with signature System.Threading.Tasks.Task`1[Microsoft.AspNetCore.Mvc.IActionResult] Insert(ModelLayer.Entities.User) on controller FundooNotes.Controllers.UserController (FundooNotes).
2024-04-12 11:18:36.5679|INFO|Microsoft.AspNetCore.Mvc.Infrastructure.ObjectResultExecutor|Executing OkObjectResult, writing value of type 'ModelLayer.ResponseModel`1[[System.Object, System.Private.CoreLib, Version=8.0.0.0, Culture=neutral, PublicKeyToken=7cec85d7bea7798e]]'.
2024-04-12 11:18:36.5813|INFO|Microsoft.AspNetCore.Mvc.Infrastructure.ControllerActionInvoker|Executed action FundooNotes.Controllers.UserController.Insert (FundooNotes) in 2075.9799ms
2024-04-12 11:18:36.5813|INFO|Microsoft.AspNetCore.Routing.EndpointMiddleware|Executed endpoint 'FundooNotes.Controllers.UserController.Insert (FundooNotes)'
2024-04-12 11:18:36.5813|INFO|Microsoft.AspNetCore.Hosting.Diagnostics|Request finished HTTP/2 POST https://localhost:7186/api/User/SignUp - 200 - application/json;+charset=utf-8 2135.8199ms
2024-04-12 11:19:52.0462|INFO|Microsoft.AspNetCore.Hosting.Diagnostics|Request starting HTTP/2 GET https://localhost:7186/swagger/index.html - - -
2024-04-12 11:19:52.0623|INFO|Microsoft.AspNetCore.Hosting.Diagnostics|Request finished HTTP/2 GET https://localhost:7186/swagger/index.html - 200 - text/html;charset=utf-8 16.6760ms
2024-04-12 11:19:52.1002|INFO|Microsoft.AspNetCore.Hosting.Diagnostics|Request starting HTTP/2 GET https://localhost:7186/_vs/browserLink - - -
2024-04-12 11:19:52.1002|INFO|Microsoft.AspNetCore.Hosting.Diagnostics|Request starting HTTP/2 GET https://localhost:7186/_framework/aspnetcore-browser-refresh.js - - -
2024-04-12 11:19:52.1002|INFO|Microsoft.AspNetCore.Hosting.Diagnostics|Request finished HTTP/2 GET https://localhost:7186/_framework/aspnetcore-browser-refresh.js - 200 13758 application/javascript;+charset=utf-8 0.7842ms
2024-04-12 11:19:52.1057|INFO|Microsoft.AspNetCore.Hosting.Diagnostics|Request finished HTTP/2 GET https://localhost:7186/_vs/browserLink - 200 - text/javascript;+charset=UTF-8 5.3806ms
2024-04-12 11:19:52.2857|INFO|Microsoft.AspNetCore.Hosting.Diagnostics|Request starting HTTP/2 GET https://localhost:7186/swagger/v1/swagger.json - - -
2024-04-12 11:19:52.3046|INFO|Microsoft.AspNetCore.Hosting.Diagnostics|Request finished HTTP/2 GET https://localhost:7186/swagger/v1/swagger.json - 200 - application/json;charset=utf-8 18.8288ms
2024-04-12 11:20:24.9998|INFO|Microsoft.AspNetCore.Hosting.Diagnostics|Request starting HTTP/2 GET https://localhost:7186/swagger/index.html - - -
2024-04-12 11:20:25.0117|INFO|Microsoft.AspNetCore.Hosting.Diagnostics|Request finished HTTP/2 GET https://localhost:7186/swagger/index.html - 200 - text/html;charset=utf-8 11.8016ms
2024-04-12 11:20:25.0498|INFO|Microsoft.AspNetCore.Hosting.Diagnostics|Request starting HTTP/2 GET https://localhost:7186/_vs/browserLink - - -
2024-04-12 11:20:25.0498|INFO|Microsoft.AspNetCore.Hosting.Diagnostics|Request starting HTTP/2 GET https://localhost:7186/_framework/aspnetcore-browser-refresh.js - - -
2024-04-12 11:20:25.0498|INFO|Microsoft.AspNetCore.Hosting.Diagnostics|Request finished HTTP/2 GET https://localhost:7186/_framework/aspnetcore-browser-refresh.js - 200 13758 application/javascript;+charset=utf-8 0.4865ms
2024-04-12 11:20:25.0498|INFO|Microsoft.AspNetCore.Hosting.Diagnostics|Request finished HTTP/2 GET https://localhost:7186/_vs/browserLink - 200 - text/javascript;+charset=UTF-8 3.5591ms
2024-04-12 11:20:25.2365|INFO|Microsoft.AspNetCore.Hosting.Diagnostics|Request starting HTTP/2 GET https://localhost:7186/swagger/v1/swagger.json - - -
2024-04-12 11:20:25.2563|INFO|Microsoft.AspNetCore.Hosting.Diagnostics|Request finished HTTP/2 GET https://localhost:7186/swagger/v1/swagger.json - 200 - application/json;charset=utf-8 19.7452ms
2024-04-12 11:20:30.1585|INFO|Microsoft.AspNetCore.DataProtection.KeyManagement.XmlKeyManager|User profile is available. Using 'C:\Users\padma\AppData\Local\ASP.NET\DataProtection-Keys' as key repository and Windows DPAPI to encrypt keys at rest.
2024-04-12 11:20:30.2670|INFO|Microsoft.Hosting.Lifetime|Now listening on: https://localhost:7186
2024-04-12 11:20:30.2670|INFO|Microsoft.Hosting.Lifetime|Now listening on: http://localhost:5138
2024-04-12 11:20:30.3045|INFO|Microsoft.Hosting.Lifetime|Application started. Press Ctrl+C to shut down.
2024-04-12 11:20:30.3045|INFO|Microsoft.Hosting.Lifetime|Hosting environment: Development
2024-04-12 11:20:30.3045|INFO|Microsoft.Hosting.Lifetime|Content root path: D:\C#Projects\FundooNotes\FundooNotes
2024-04-12 11:20:30.8655|INFO|Microsoft.AspNetCore.Hosting.Diagnostics|Request starting HTTP/2 GET https://localhost:7186/swagger/index.html - - -
2024-04-12 11:20:31.0124|INFO|Microsoft.AspNetCore.Hosting.Diagnostics|Request finished HTTP/2 GET https://localhost:7186/swagger/index.html - 200 - text/html;charset=utf-8 146.0449ms
2024-04-12 11:20:31.1075|INFO|Microsoft.AspNetCore.Hosting.Diagnostics|Request starting HTTP/2 GET https://localhost:7186/_vs/browserLink - - -
2024-04-12 11:20:31.1075|INFO|Microsoft.AspNetCore.Hosting.Diagnostics|Request starting HTTP/2 GET https://localhost:7186/_framework/aspnetcore-browser-refresh.js - - -
2024-04-12 11:20:31.1075|INFO|Microsoft.AspNetCore.Hosting.Diagnostics|Request finished HTTP/2 GET https://localhost:7186/_framework/aspnetcore-browser-refresh.js - 200 13758 application/javascript;+charset=utf-8 2.6869ms
2024-04-12 11:20:31.1301|INFO|Microsoft.AspNetCore.Hosting.Diagnostics|Request finished HTTP/2 GET https://localhost:7186/_vs/browserLink - 200 - text/javascript;+charset=UTF-8 22.4764ms
2024-04-12 11:20:31.1756|INFO|Microsoft.AspNetCore.Hosting.Diagnostics|Request starting HTTP/2 GET https://localhost:7186/swagger/v1/swagger.json - - -
2024-04-12 11:20:31.2599|INFO|Microsoft.AspNetCore.Hosting.Diagnostics|Request finished HTTP/2 GET https://localhost:7186/swagger/v1/swagger.json - 200 - application/json;charset=utf-8 84.2925ms
2024-04-12 11:21:08.1460|INFO|Microsoft.AspNetCore.Hosting.Diagnostics|Request starting HTTP/2 DELETE https://localhost:7186/api/User/DeleteUserByEmail?email=seetha%40gmail.com - - -
2024-04-12 11:21:08.1588|INFO|Microsoft.AspNetCore.Cors.Infrastructure.CorsService|CORS policy execution successful.
2024-04-12 11:21:08.1588|INFO|Microsoft.AspNetCore.Routing.EndpointMiddleware|Executing endpoint 'FundooNotes.Controllers.UserController.DeleteUserByEmail (FundooNotes)'
2024-04-12 11:21:08.1902|INFO|Microsoft.AspNetCore.Mvc.Infrastructure.ControllerActionInvoker|Route matched with {action = "DeleteUserByEmail", controller = "User"}. Executing controller action with signature System.Threading.Tasks.Task`1[Microsoft.AspNetCore.Mvc.IActionResult] DeleteUserByEmail(System.String) on controller FundooNotes.Controllers.UserController (FundooNotes).
2024-04-12 11:21:08.7302|INFO|Microsoft.AspNetCore.Mvc.Infrastructure.ObjectResultExecutor|Executing OkObjectResult, writing value of type 'System.String'.
2024-04-12 11:21:08.7302|INFO|Microsoft.AspNetCore.Mvc.Infrastructure.ControllerActionInvoker|Executed action FundooNotes.Controllers.UserController.DeleteUserByEmail (FundooNotes) in 541.0041ms
2024-04-12 11:21:08.7302|INFO|Microsoft.AspNetCore.Routing.EndpointMiddleware|Executed endpoint 'FundooNotes.Controllers.UserController.DeleteUserByEmail (FundooNotes)'
2024-04-12 11:21:08.7302|INFO|Microsoft.AspNetCore.Hosting.Diagnostics|Request finished HTTP/2 DELETE https://localhost:7186/api/User/DeleteUserByEmail?email=seetha%40gmail.com - 200 - text/plain;+charset=utf-8 594.2724ms
2024-04-12 11:22:03.9430|INFO|Microsoft.AspNetCore.Hosting.Diagnostics|Request starting HTTP/2 POST https://localhost:7186/api/User/SignUp - application/json 112
2024-04-12 11:22:03.9430|INFO|Microsoft.AspNetCore.Cors.Infrastructure.CorsService|CORS policy execution successful.
2024-04-12 11:22:03.9430|INFO|Microsoft.AspNetCore.Routing.EndpointMiddleware|Executing endpoint 'FundooNotes.Controllers.UserController.Insert (FundooNotes)'
2024-04-12 11:22:03.9548|INFO|Microsoft.AspNetCore.Mvc.Infrastructure.ControllerActionInvoker|Route matched with {action = "Insert", controller = "User"}. Executing controller action with signature System.Threading.Tasks.Task`1[Microsoft.AspNetCore.Mvc.IActionResult] Insert(ModelLayer.Entities.User) on controller FundooNotes.Controllers.UserController (FundooNotes).
2024-04-12 11:22:03.9788|INFO|Microsoft.AspNetCore.Mvc.Infrastructure.ObjectResultExecutor|Executing OkObjectResult, writing value of type 'ModelLayer.ResponseModel`1[[System.Object, System.Private.CoreLib, Version=8.0.0.0, Culture=neutral, PublicKeyToken=7cec85d7bea7798e]]'.
2024-04-12 11:22:03.9834|INFO|Microsoft.AspNetCore.Mvc.Infrastructure.ControllerActionInvoker|Executed action FundooNotes.Controllers.UserController.Insert (FundooNotes) in 28.5061ms
2024-04-12 11:22:03.9834|INFO|Microsoft.AspNetCore.Routing.EndpointMiddleware|Executed endpoint 'FundooNotes.Controllers.UserController.Insert (FundooNotes)'
2024-04-12 11:22:03.9834|INFO|Microsoft.AspNetCore.Hosting.Diagnostics|Request finished HTTP/2 POST https://localhost:7186/api/User/SignUp - 200 - application/json;+charset=utf-8 40.6960ms
2024-04-12 11:23:27.7421|INFO|Microsoft.AspNetCore.Hosting.Diagnostics|Request starting HTTP/2 OPTIONS https://localhost:7186/api/User/SignUp - - -
2024-04-12 11:23:27.7421|INFO|Microsoft.AspNetCore.Cors.Infrastructure.CorsService|CORS policy execution successful.
2024-04-12 11:23:27.7421|INFO|Microsoft.AspNetCore.Hosting.Diagnostics|Request finished HTTP/2 OPTIONS https://localhost:7186/api/User/SignUp - 204 - - 1.2850ms
2024-04-12 11:23:27.7469|INFO|Microsoft.AspNetCore.Hosting.Diagnostics|Request starting HTTP/2 POST https://localhost:7186/api/User/SignUp - application/json 88
2024-04-12 11:23:27.7469|INFO|Microsoft.AspNetCore.Cors.Infrastructure.CorsService|CORS policy execution successful.
2024-04-12 11:23:27.7469|INFO|Microsoft.AspNetCore.Routing.EndpointMiddleware|Executing endpoint 'FundooNotes.Controllers.UserController.Insert (FundooNotes)'
2024-04-12 11:23:27.7469|INFO|Microsoft.AspNetCore.Mvc.Infrastructure.ControllerActionInvoker|Route matched with {action = "Insert", controller = "User"}. Executing controller action with signature System.Threading.Tasks.Task`1[Microsoft.AspNetCore.Mvc.IActionResult] Insert(ModelLayer.Entities.User) on controller FundooNotes.Controllers.UserController (FundooNotes).
2024-04-12 11:23:27.7469|INFO|Microsoft.AspNetCore.Mvc.Infrastructure.ObjectResultExecutor|Executing BadRequestObjectResult, writing value of type 'ModelLayer.ResponseModel`1[[System.Object, System.Private.CoreLib, Version=8.0.0.0, Culture=neutral, PublicKeyToken=7cec85d7bea7798e]]'.
2024-04-12 11:23:27.7469|INFO|Microsoft.AspNetCore.Mvc.Infrastructure.ControllerActionInvoker|Executed action FundooNotes.Controllers.UserController.Insert (FundooNotes) in 5.0415ms
2024-04-12 11:23:27.7469|INFO|Microsoft.AspNetCore.Routing.EndpointMiddleware|Executed endpoint 'FundooNotes.Controllers.UserController.Insert (FundooNotes)'
2024-04-12 11:23:27.7469|INFO|Microsoft.AspNetCore.Hosting.Diagnostics|Request finished HTTP/2 POST https://localhost:7186/api/User/SignUp - 400 - application/json;+charset=utf-8 6.2720ms
2024-04-12 11:23:36.5177|INFO|Microsoft.AspNetCore.Hosting.Diagnostics|Request starting HTTP/2 OPTIONS https://localhost:7186/api/User/SignUp - - -
2024-04-12 11:23:36.5177|INFO|Microsoft.AspNetCore.Cors.Infrastructure.CorsService|CORS policy execution successful.
2024-04-12 11:23:36.5177|INFO|Microsoft.AspNetCore.Hosting.Diagnostics|Request finished HTTP/2 OPTIONS https://localhost:7186/api/User/SignUp - 204 - - 0.5855ms
2024-04-12 11:23:36.5177|INFO|Microsoft.AspNetCore.Hosting.Diagnostics|Request starting HTTP/2 POST https://localhost:7186/api/User/SignUp - application/json 88
2024-04-12 11:23:36.5177|INFO|Microsoft.AspNetCore.Cors.Infrastructure.CorsService|CORS policy execution successful.
2024-04-12 11:23:36.5177|INFO|Microsoft.AspNetCore.Routing.EndpointMiddleware|Executing endpoint 'FundooNotes.Controllers.UserController.Insert (FundooNotes)'
2024-04-12 11:23:36.5177|INFO|Microsoft.AspNetCore.Mvc.Infrastructure.ControllerActionInvoker|Route matched with {action = "Insert", controller = "User"}. Executing controller action with signature System.Threading.Tasks.Task`1[Microsoft.AspNetCore.Mvc.IActionResult] Insert(ModelLayer.Entities.User) on controller FundooNotes.Controllers.UserController (FundooNotes).
2024-04-12 11:23:36.5177|INFO|Microsoft.AspNetCore.Mvc.Infrastructure.ObjectResultExecutor|Executing BadRequestObjectResult, writing value of type 'ModelLayer.ResponseModel`1[[System.Object, System.Private.CoreLib, Version=8.0.0.0, Culture=neutral, PublicKeyToken=7cec85d7bea7798e]]'.
2024-04-12 11:23:36.5177|INFO|Microsoft.AspNetCore.Mvc.Infrastructure.ControllerActionInvoker|Executed action FundooNotes.Controllers.UserController.Insert (FundooNotes) in 0.7694ms
2024-04-12 11:23:36.5177|INFO|Microsoft.AspNetCore.Routing.EndpointMiddleware|Executed endpoint 'FundooNotes.Controllers.UserController.Insert (FundooNotes)'
2024-04-12 11:23:36.5177|INFO|Microsoft.AspNetCore.Hosting.Diagnostics|Request finished HTTP/2 POST https://localhost:7186/api/User/SignUp - 400 - application/json;+charset=utf-8 1.9286ms
2024-04-12 11:24:40.0565|INFO|Microsoft.AspNetCore.Hosting.Diagnostics|Request starting HTTP/2 GET https://localhost:7186/swagger/index.html - - -
2024-04-12 11:24:40.0663|INFO|Microsoft.AspNetCore.Hosting.Diagnostics|Request finished HTTP/2 GET https://localhost:7186/swagger/index.html - 200 - text/html;charset=utf-8 9.7523ms
2024-04-12 11:24:40.0892|INFO|Microsoft.AspNetCore.Hosting.Diagnostics|Request starting HTTP/2 GET https://localhost:7186/_vs/browserLink - - -
2024-04-12 11:24:40.0892|INFO|Microsoft.AspNetCore.Hosting.Diagnostics|Request starting HTTP/2 GET https://localhost:7186/_framework/aspnetcore-browser-refresh.js - - -
2024-04-12 11:24:40.0892|INFO|Microsoft.AspNetCore.Hosting.Diagnostics|Request finished HTTP/2 GET https://localhost:7186/_framework/aspnetcore-browser-refresh.js - 200 13758 application/javascript;+charset=utf-8 1.9277ms
2024-04-12 11:24:40.0892|INFO|Microsoft.AspNetCore.Hosting.Diagnostics|Request finished HTTP/2 GET https://localhost:7186/_vs/browserLink - 200 - text/javascript;+charset=UTF-8 13.1837ms
2024-04-12 11:24:40.4009|INFO|Microsoft.AspNetCore.Hosting.Diagnostics|Request starting HTTP/2 GET https://localhost:7186/swagger/v1/swagger.json - - -
2024-04-12 11:24:40.4129|INFO|Microsoft.AspNetCore.Hosting.Diagnostics|Request finished HTTP/2 GET https://localhost:7186/swagger/v1/swagger.json - 200 - application/json;charset=utf-8 11.9757ms
2024-04-12 11:24:45.3896|INFO|Microsoft.AspNetCore.DataProtection.KeyManagement.XmlKeyManager|User profile is available. Using 'C:\Users\padma\AppData\Local\ASP.NET\DataProtection-Keys' as key repository and Windows DPAPI to encrypt keys at rest.
2024-04-12 11:24:45.4825|INFO|Microsoft.Hosting.Lifetime|Now listening on: https://localhost:7186
2024-04-12 11:24:45.4825|INFO|Microsoft.Hosting.Lifetime|Now listening on: http://localhost:5138
2024-04-12 11:24:45.5157|INFO|Microsoft.Hosting.Lifetime|Application started. Press Ctrl+C to shut down.
2024-04-12 11:24:45.5157|INFO|Microsoft.Hosting.Lifetime|Hosting environment: Development
2024-04-12 11:24:45.5157|INFO|Microsoft.Hosting.Lifetime|Content root path: D:\C#Projects\FundooNotes\FundooNotes
2024-04-12 11:24:45.8699|INFO|Microsoft.AspNetCore.Hosting.Diagnostics|Request starting HTTP/2 GET https://localhost:7186/swagger/index.html - - -
2024-04-12 11:24:46.0012|INFO|Microsoft.AspNetCore.Hosting.Diagnostics|Request finished HTTP/2 GET https://localhost:7186/swagger/index.html - 200 - text/html;charset=utf-8 131.6684ms
2024-04-12 11:24:46.0957|INFO|Microsoft.AspNetCore.Hosting.Diagnostics|Request starting HTTP/2 GET https://localhost:7186/_vs/browserLink - - -
2024-04-12 11:24:46.0957|INFO|Microsoft.AspNetCore.Hosting.Diagnostics|Request starting HTTP/2 GET https://localhost:7186/_framework/aspnetcore-browser-refresh.js - - -
2024-04-12 11:24:46.0957|INFO|Microsoft.AspNetCore.Hosting.Diagnostics|Request finished HTTP/2 GET https://localhost:7186/_framework/aspnetcore-browser-refresh.js - 200 13758 application/javascript;+charset=utf-8 3.7815ms
2024-04-12 11:24:46.1205|INFO|Microsoft.AspNetCore.Hosting.Diagnostics|Request finished HTTP/2 GET https://localhost:7186/_vs/browserLink - 200 - text/javascript;+charset=UTF-8 24.7115ms
2024-04-12 11:24:46.1723|INFO|Microsoft.AspNetCore.Hosting.Diagnostics|Request starting HTTP/2 GET https://localhost:7186/swagger/v1/swagger.json - - -
2024-04-12 11:24:46.2636|INFO|Microsoft.AspNetCore.Hosting.Diagnostics|Request finished HTTP/2 GET https://localhost:7186/swagger/v1/swagger.json - 200 - application/json;charset=utf-8 91.2188ms
2024-04-12 11:24:56.3561|INFO|Microsoft.AspNetCore.Hosting.Diagnostics|Request starting HTTP/2 GET https://localhost:7186/swagger/index.html - - -
2024-04-12 11:24:56.3561|INFO|Microsoft.AspNetCore.Hosting.Diagnostics|Request finished HTTP/2 GET https://localhost:7186/swagger/index.html - 200 - text/html;charset=utf-8 6.3610ms
2024-04-12 11:24:56.4124|INFO|Microsoft.AspNetCore.Hosting.Diagnostics|Request starting HTTP/2 GET https://localhost:7186/_framework/aspnetcore-browser-refresh.js - - -
2024-04-12 11:24:56.4124|INFO|Microsoft.AspNetCore.Hosting.Diagnostics|Request finished HTTP/2 GET https://localhost:7186/_framework/aspnetcore-browser-refresh.js - 200 13758 application/javascript;+charset=utf-8 3.5874ms
2024-04-12 11:24:56.4203|INFO|Microsoft.AspNetCore.Hosting.Diagnostics|Request starting HTTP/2 GET https://localhost:7186/_vs/browserLink - - -
2024-04-12 11:24:56.4346|INFO|Microsoft.AspNetCore.Hosting.Diagnostics|Request finished HTTP/2 GET https://localhost:7186/_vs/browserLink - 200 - text/javascript;+charset=UTF-8 14.2745ms
2024-04-12 11:24:56.4988|INFO|Microsoft.AspNetCore.Hosting.Diagnostics|Request starting HTTP/2 GET https://localhost:7186/swagger/v1/swagger.json - - -
2024-04-12 11:24:56.4988|INFO|Microsoft.AspNetCore.Hosting.Diagnostics|Request finished HTTP/2 GET https://localhost:7186/swagger/v1/swagger.json - 200 - application/json;charset=utf-8 6.3504ms
2024-04-12 11:34:08.0047|INFO|Microsoft.AspNetCore.DataProtection.KeyManagement.XmlKeyManager|User profile is available. Using 'C:\Users\padma\AppData\Local\ASP.NET\DataProtection-Keys' as key repository and Windows DPAPI to encrypt keys at rest.
2024-04-12 11:34:08.0934|INFO|Microsoft.Hosting.Lifetime|Now listening on: https://localhost:7186
2024-04-12 11:34:08.0934|INFO|Microsoft.Hosting.Lifetime|Now listening on: http://localhost:5138
2024-04-12 11:34:08.1231|INFO|Microsoft.Hosting.Lifetime|Application started. Press Ctrl+C to shut down.
2024-04-12 11:34:08.1231|INFO|Microsoft.Hosting.Lifetime|Hosting environment: Development
2024-04-12 11:34:08.1231|INFO|Microsoft.Hosting.Lifetime|Content root path: D:\C#Projects\FundooNotes\FundooNotes
2024-04-12 11:34:08.6963|INFO|Microsoft.AspNetCore.Hosting.Diagnostics|Request starting HTTP/2 GET https://localhost:7186/swagger/index.html - - -
2024-04-12 11:34:08.8640|INFO|Microsoft.AspNetCore.Hosting.Diagnostics|Request finished HTTP/2 GET https://localhost:7186/swagger/index.html - 200 - text/html;charset=utf-8 162.4357ms
2024-04-12 11:34:08.8640|INFO|Microsoft.AspNetCore.Hosting.Diagnostics|Request starting HTTP/2 GET https://localhost:7186/_vs/browserLink - - -
2024-04-12 11:34:08.8640|INFO|Microsoft.AspNetCore.Hosting.Diagnostics|Request starting HTTP/2 GET https://localhost:7186/_framework/aspnetcore-browser-refresh.js - - -
2024-04-12 11:34:08.8730|INFO|Microsoft.AspNetCore.Hosting.Diagnostics|Request finished HTTP/2 GET https://localhost:7186/_framework/aspnetcore-browser-refresh.js - 200 13758 application/javascript;+charset=utf-8 4.3788ms
2024-04-12 11:34:08.9002|INFO|Microsoft.AspNetCore.Hosting.Diagnostics|Request finished HTTP/2 GET https://localhost:7186/_vs/browserLink - 200 - text/javascript;+charset=UTF-8 31.7228ms
2024-04-12 11:34:08.9682|INFO|Microsoft.AspNetCore.Hosting.Diagnostics|Request starting HTTP/2 GET https://localhost:7186/swagger/v1/swagger.json - - -
2024-04-12 11:34:09.0850|INFO|Microsoft.AspNetCore.Hosting.Diagnostics|Request finished HTTP/2 GET https://localhost:7186/swagger/v1/swagger.json - 200 - application/json;charset=utf-8 116.8154ms
2024-04-12 11:34:34.1912|INFO|Microsoft.AspNetCore.Hosting.Diagnostics|Request starting HTTP/2 GET https://localhost:7186/api/User/Login?email=haseena%40gmail.com&password=Haseena%40123 - - -
2024-04-12 11:34:34.2017|INFO|Microsoft.AspNetCore.Routing.EndpointMiddleware|Executing endpoint 'FundooNotes.Controllers.UserController.Login (FundooNotes)'
2024-04-12 11:34:34.2360|INFO|Microsoft.AspNetCore.Mvc.Infrastructure.ControllerActionInvoker|Route matched with {action = "Login", controller = "User"}. Executing controller action with signature System.Threading.Tasks.Task`1[Microsoft.AspNetCore.Mvc.IActionResult] Login(System.String, System.String) on controller FundooNotes.Controllers.UserController (FundooNotes).
2024-04-12 11:34:34.8029|INFO|Microsoft.AspNetCore.Mvc.Infrastructure.ObjectResultExecutor|Executing OkObjectResult, writing value of type 'ModelLayer.ResponseModel`1[[System.String, System.Private.CoreLib, Version=8.0.0.0, Culture=neutral, PublicKeyToken=7cec85d7bea7798e]]'.
2024-04-12 11:34:34.8119|INFO|Microsoft.AspNetCore.Mvc.Infrastructure.ControllerActionInvoker|Executed action FundooNotes.Controllers.UserController.Login (FundooNotes) in 570.6995ms
2024-04-12 11:34:34.8119|INFO|Microsoft.AspNetCore.Routing.EndpointMiddleware|Executed endpoint 'FundooNotes.Controllers.UserController.Login (FundooNotes)'
2024-04-12 11:34:34.8119|INFO|Microsoft.AspNetCore.Hosting.Diagnostics|Request finished HTTP/2 GET https://localhost:7186/api/User/Login?email=haseena%40gmail.com&password=Haseena%40123 - 200 - application/json;+charset=utf-8 621.8980ms
2024-04-12 11:35:12.6488|INFO|Microsoft.AspNetCore.Hosting.Diagnostics|Request starting HTTP/2 GET https://localhost:7186/api/User/Login?email=haseena%40gmail.com&password=Haseena%40123 - - -
2024-04-12 11:35:12.6536|INFO|Microsoft.AspNetCore.Cors.Infrastructure.CorsService|CORS policy execution successful.
2024-04-12 11:35:12.6536|INFO|Microsoft.AspNetCore.Routing.EndpointMiddleware|Executing endpoint 'FundooNotes.Controllers.UserController.Login (FundooNotes)'
2024-04-12 11:35:12.6536|INFO|Microsoft.AspNetCore.Mvc.Infrastructure.ControllerActionInvoker|Route matched with {action = "Login", controller = "User"}. Executing controller action with signature System.Threading.Tasks.Task`1[Microsoft.AspNetCore.Mvc.IActionResult] Login(System.String, System.String) on controller FundooNotes.Controllers.UserController (FundooNotes).
2024-04-12 11:35:12.6672|INFO|Microsoft.AspNetCore.Mvc.Infrastructure.ObjectResultExecutor|Executing OkObjectResult, writing value of type 'ModelLayer.ResponseModel`1[[System.String, System.Private.CoreLib, Version=8.0.0.0, Culture=neutral, PublicKeyToken=7cec85d7bea7798e]]'.
2024-04-12 11:35:12.6672|INFO|Microsoft.AspNetCore.Mvc.Infrastructure.ControllerActionInvoker|Executed action FundooNotes.Controllers.UserController.Login (FundooNotes) in 13.3718ms
2024-04-12 11:35:12.6672|INFO|Microsoft.AspNetCore.Routing.EndpointMiddleware|Executed endpoint 'FundooNotes.Controllers.UserController.Login (FundooNotes)'
2024-04-12 11:35:12.6672|INFO|Microsoft.AspNetCore.Hosting.Diagnostics|Request finished HTTP/2 GET https://localhost:7186/api/User/Login?email=haseena%40gmail.com&password=Haseena%40123 - 200 - application/json;+charset=utf-8 19.9554ms
2024-04-12 11:35:17.9747|INFO|Microsoft.AspNetCore.Hosting.Diagnostics|Request starting HTTP/2 GET https://localhost:7186/api/User/Login?email=haseena%40gmail.com&password=Haseena%40123 - - -
2024-04-12 11:35:17.9747|INFO|Microsoft.AspNetCore.Cors.Infrastructure.CorsService|CORS policy execution successful.
2024-04-12 11:35:17.9747|INFO|Microsoft.AspNetCore.Routing.EndpointMiddleware|Executing endpoint 'FundooNotes.Controllers.UserController.Login (FundooNotes)'
2024-04-12 11:35:17.9747|INFO|Microsoft.AspNetCore.Mvc.Infrastructure.ControllerActionInvoker|Route matched with {action = "Login", controller = "User"}. Executing controller action with signature System.Threading.Tasks.Task`1[Microsoft.AspNetCore.Mvc.IActionResult] Login(System.String, System.String) on controller FundooNotes.Controllers.UserController (FundooNotes).
2024-04-12 11:35:17.9864|INFO|Microsoft.AspNetCore.Mvc.Infrastructure.ObjectResultExecutor|Executing OkObjectResult, writing value of type 'ModelLayer.ResponseModel`1[[System.String, System.Private.CoreLib, Version=8.0.0.0, Culture=neutral, PublicKeyToken=7cec85d7bea7798e]]'.
2024-04-12 11:35:17.9864|INFO|Microsoft.AspNetCore.Mvc.Infrastructure.ControllerActionInvoker|Executed action FundooNotes.Controllers.UserController.Login (FundooNotes) in 10.5183ms
2024-04-12 11:35:17.9864|INFO|Microsoft.AspNetCore.Routing.EndpointMiddleware|Executed endpoint 'FundooNotes.Controllers.UserController.Login (FundooNotes)'
2024-04-12 11:35:17.9864|INFO|Microsoft.AspNetCore.Hosting.Diagnostics|Request finished HTTP/2 GET https://localhost:7186/api/User/Login?email=haseena%40gmail.com&password=Haseena%40123 - 200 - application/json;+charset=utf-8 13.1903ms
2024-04-12 11:36:22.1130|INFO|Microsoft.AspNetCore.Hosting.Diagnostics|Request starting HTTP/2 OPTIONS https://localhost:7186/api/User/SignUp - - -
2024-04-12 11:36:22.1130|INFO|Microsoft.AspNetCore.Cors.Infrastructure.CorsService|CORS policy execution successful.
2024-04-12 11:36:22.1130|INFO|Microsoft.AspNetCore.Hosting.Diagnostics|Request finished HTTP/2 OPTIONS https://localhost:7186/api/User/SignUp - 204 - - 1.3282ms
2024-04-12 11:36:22.1130|INFO|Microsoft.AspNetCore.Hosting.Diagnostics|Request starting HTTP/2 POST https://localhost:7186/api/User/SignUp - application/json 86
2024-04-12 11:36:22.1130|INFO|Microsoft.AspNetCore.Cors.Infrastructure.CorsService|CORS policy execution successful.
2024-04-12 11:36:22.1130|INFO|Microsoft.AspNetCore.Routing.EndpointMiddleware|Executing endpoint 'FundooNotes.Controllers.UserController.Insert (FundooNotes)'
2024-04-12 11:36:22.1289|INFO|Microsoft.AspNetCore.Mvc.Infrastructure.ControllerActionInvoker|Route matched with {action = "Insert", controller = "User"}. Executing controller action with signature System.Threading.Tasks.Task`1[Microsoft.AspNetCore.Mvc.IActionResult] Insert(ModelLayer.Entities.User) on controller FundooNotes.Controllers.UserController (FundooNotes).
2024-04-12 11:36:22.1751|INFO|Microsoft.AspNetCore.Mvc.Infrastructure.ObjectResultExecutor|Executing OkObjectResult, writing value of type 'ModelLayer.ResponseModel`1[[System.Object, System.Private.CoreLib, Version=8.0.0.0, Culture=neutral, PublicKeyToken=7cec85d7bea7798e]]'.
2024-04-12 11:36:22.1751|INFO|Microsoft.AspNetCore.Mvc.Infrastructure.ControllerActionInvoker|Executed action FundooNotes.Controllers.UserController.Insert (FundooNotes) in 49.6075ms
2024-04-12 11:36:22.1751|INFO|Microsoft.AspNetCore.Routing.EndpointMiddleware|Executed endpoint 'FundooNotes.Controllers.UserController.Insert (FundooNotes)'
2024-04-12 11:36:22.1751|INFO|Microsoft.AspNetCore.Hosting.Diagnostics|Request finished HTTP/2 POST https://localhost:7186/api/User/SignUp - 200 - application/json;+charset=utf-8 60.9185ms
2024-04-12 11:36:24.4016|INFO|Microsoft.AspNetCore.Hosting.Diagnostics|Request starting HTTP/2 POST https://localhost:7186/api/User/SignUp - application/json 86
2024-04-12 11:36:24.4016|INFO|Microsoft.AspNetCore.Cors.Infrastructure.CorsService|CORS policy execution successful.
2024-04-12 11:36:24.4016|INFO|Microsoft.AspNetCore.Routing.EndpointMiddleware|Executing endpoint 'FundooNotes.Controllers.UserController.Insert (FundooNotes)'
2024-04-12 11:36:24.4016|INFO|Microsoft.AspNetCore.Mvc.Infrastructure.ControllerActionInvoker|Route matched with {action = "Insert", controller = "User"}. Executing controller action with signature System.Threading.Tasks.Task`1[Microsoft.AspNetCore.Mvc.IActionResult] Insert(ModelLayer.Entities.User) on controller FundooNotes.Controllers.UserController (FundooNotes).
2024-04-12 11:36:24.4491|INFO|Microsoft.AspNetCore.Mvc.Infrastructure.ObjectResultExecutor|Executing BadRequestObjectResult, writing value of type 'ModelLayer.ResponseModel`1[[System.Object, System.Private.CoreLib, Version=8.0.0.0, Culture=neutral, PublicKeyToken=7cec85d7bea7798e]]'.
2024-04-12 11:36:24.4491|INFO|Microsoft.AspNetCore.Mvc.Infrastructure.ControllerActionInvoker|Executed action FundooNotes.Controllers.UserController.Insert (FundooNotes) in 47.6136ms
2024-04-12 11:36:24.4491|INFO|Microsoft.AspNetCore.Routing.EndpointMiddleware|Executed endpoint 'FundooNotes.Controllers.UserController.Insert (FundooNotes)'
2024-04-12 11:36:24.4491|INFO|Microsoft.AspNetCore.Hosting.Diagnostics|Request finished HTTP/2 POST https://localhost:7186/api/User/SignUp - 400 - application/json;+charset=utf-8 48.6487ms
2024-04-12 11:36:42.2764|INFO|Microsoft.AspNetCore.Hosting.Diagnostics|Request starting HTTP/2 OPTIONS https://localhost:7186/api/User/SignUp - - -
2024-04-12 11:36:42.2764|INFO|Microsoft.AspNetCore.Cors.Infrastructure.CorsService|CORS policy execution successful.
2024-04-12 11:36:42.2764|INFO|Microsoft.AspNetCore.Hosting.Diagnostics|Request finished HTTP/2 OPTIONS https://localhost:7186/api/User/SignUp - 204 - - 0.9717ms
2024-04-12 11:36:42.2764|INFO|Microsoft.AspNetCore.Hosting.Diagnostics|Request starting HTTP/2 POST https://localhost:7186/api/User/SignUp - application/json 86
2024-04-12 11:36:42.2764|INFO|Microsoft.AspNetCore.Cors.Infrastructure.CorsService|CORS policy execution successful.
2024-04-12 11:36:42.2764|INFO|Microsoft.AspNetCore.Routing.EndpointMiddleware|Executing endpoint 'FundooNotes.Controllers.UserController.Insert (FundooNotes)'
2024-04-12 11:36:42.2764|INFO|Microsoft.AspNetCore.Mvc.Infrastructure.ControllerActionInvoker|Route matched with {action = "Insert", controller = "User"}. Executing controller action with signature System.Threading.Tasks.Task`1[Microsoft.AspNetCore.Mvc.IActionResult] Insert(ModelLayer.Entities.User) on controller FundooNotes.Controllers.UserController (FundooNotes).
2024-04-12 11:36:42.2764|INFO|Microsoft.AspNetCore.Mvc.Infrastructure.ObjectResultExecutor|Executing BadRequestObjectResult, writing value of type 'ModelLayer.ResponseModel`1[[System.Object, System.Private.CoreLib, Version=8.0.0.0, Culture=neutral, PublicKeyToken=7cec85d7bea7798e]]'.
2024-04-12 11:36:42.2764|INFO|Microsoft.AspNetCore.Mvc.Infrastructure.ControllerActionInvoker|Executed action FundooNotes.Controllers.UserController.Insert (FundooNotes) in 7.2223ms
2024-04-12 11:36:42.2764|INFO|Microsoft.AspNetCore.Routing.EndpointMiddleware|Executed endpoint 'FundooNotes.Controllers.UserController.Insert (FundooNotes)'
2024-04-12 11:36:42.2764|INFO|Microsoft.AspNetCore.Hosting.Diagnostics|Request finished HTTP/2 POST https://localhost:7186/api/User/SignUp - 400 - application/json;+charset=utf-8 9.1085ms
2024-04-12 11:37:06.7620|INFO|Microsoft.AspNetCore.Hosting.Diagnostics|Request starting HTTP/2 OPTIONS https://localhost:7186/api/User/SignUp - - -
2024-04-12 11:37:06.7620|INFO|Microsoft.AspNetCore.Cors.Infrastructure.CorsService|CORS policy execution successful.
2024-04-12 11:37:06.7620|INFO|Microsoft.AspNetCore.Hosting.Diagnostics|Request finished HTTP/2 OPTIONS https://localhost:7186/api/User/SignUp - 204 - - 0.4546ms
2024-04-12 11:37:06.7620|INFO|Microsoft.AspNetCore.Hosting.Diagnostics|Request starting HTTP/2 POST https://localhost:7186/api/User/SignUp - application/json 91
2024-04-12 11:37:06.7620|INFO|Microsoft.AspNetCore.Cors.Infrastructure.CorsService|CORS policy execution successful.
2024-04-12 11:37:06.7620|INFO|Microsoft.AspNetCore.Routing.EndpointMiddleware|Executing endpoint 'FundooNotes.Controllers.UserController.Insert (FundooNotes)'
2024-04-12 11:37:06.7620|INFO|Microsoft.AspNetCore.Mvc.Infrastructure.ControllerActionInvoker|Route matched with {action = "Insert", controller = "User"}. Executing controller action with signature System.Threading.Tasks.Task`1[Microsoft.AspNetCore.Mvc.IActionResult] Insert(ModelLayer.Entities.User) on controller FundooNotes.Controllers.UserController (FundooNotes).
2024-04-12 11:37:06.7780|INFO|Microsoft.AspNetCore.Mvc.Infrastructure.ObjectResultExecutor|Executing BadRequestObjectResult, writing value of type 'ModelLayer.ResponseModel`1[[System.Object, System.Private.CoreLib, Version=8.0.0.0, Culture=neutral, PublicKeyToken=7cec85d7bea7798e]]'.
2024-04-12 11:37:06.7780|INFO|Microsoft.AspNetCore.Mvc.Infrastructure.ControllerActionInvoker|Executed action FundooNotes.Controllers.UserController.Insert (FundooNotes) in 10.3339ms
2024-04-12 11:37:06.7780|INFO|Microsoft.AspNetCore.Routing.EndpointMiddleware|Executed endpoint 'FundooNotes.Controllers.UserController.Insert (FundooNotes)'
2024-04-12 11:37:06.7780|INFO|Microsoft.AspNetCore.Hosting.Diagnostics|Request finished HTTP/2 POST https://localhost:7186/api/User/SignUp - 400 - application/json;+charset=utf-8 14.0275ms
2024-04-12 11:37:12.9711|INFO|Microsoft.AspNetCore.Hosting.Diagnostics|Request starting HTTP/2 OPTIONS https://localhost:7186/api/User/SignUp - - -
2024-04-12 11:37:12.9711|INFO|Microsoft.AspNetCore.Cors.Infrastructure.CorsService|CORS policy execution successful.
2024-04-12 11:37:12.9711|INFO|Microsoft.AspNetCore.Hosting.Diagnostics|Request finished HTTP/2 OPTIONS https://localhost:7186/api/User/SignUp - 204 - - 0.4839ms
2024-04-12 11:37:12.9711|INFO|Microsoft.AspNetCore.Hosting.Diagnostics|Request starting HTTP/2 POST https://localhost:7186/api/User/SignUp - application/json 91
2024-04-12 11:37:12.9711|INFO|Microsoft.AspNetCore.Cors.Infrastructure.CorsService|CORS policy execution successful.
2024-04-12 11:37:12.9711|INFO|Microsoft.AspNetCore.Routing.EndpointMiddleware|Executing endpoint 'FundooNotes.Controllers.UserController.Insert (FundooNotes)'
2024-04-12 11:37:12.9711|INFO|Microsoft.AspNetCore.Mvc.Infrastructure.ControllerActionInvoker|Route matched with {action = "Insert", controller = "User"}. Executing controller action with signature System.Threading.Tasks.Task`1[Microsoft.AspNetCore.Mvc.IActionResult] Insert(ModelLayer.Entities.User) on controller FundooNotes.Controllers.UserController (FundooNotes).
2024-04-12 11:37:12.9798|INFO|Microsoft.AspNetCore.Mvc.Infrastructure.ObjectResultExecutor|Executing BadRequestObjectResult, writing value of type 'ModelLayer.ResponseModel`1[[System.Object, System.Private.CoreLib, Version=8.0.0.0, Culture=neutral, PublicKeyToken=7cec85d7bea7798e]]'.
2024-04-12 11:37:12.9798|INFO|Microsoft.AspNetCore.Mvc.Infrastructure.ControllerActionInvoker|Executed action FundooNotes.Controllers.UserController.Insert (FundooNotes) in 5.9499ms
2024-04-12 11:37:12.9798|INFO|Microsoft.AspNetCore.Routing.EndpointMiddleware|Executed endpoint 'FundooNotes.Controllers.UserController.Insert (FundooNotes)'
2024-04-12 11:37:12.9798|INFO|Microsoft.AspNetCore.Hosting.Diagnostics|Request finished HTTP/2 POST https://localhost:7186/api/User/SignUp - 400 - application/json;+charset=utf-8 6.8293ms
2024-04-12 11:38:16.6042|INFO|Microsoft.AspNetCore.Hosting.Diagnostics|Request starting HTTP/2 OPTIONS https://localhost:7186/api/User/SignUp - - -
2024-04-12 11:38:16.6042|INFO|Microsoft.AspNetCore.Cors.Infrastructure.CorsService|CORS policy execution successful.
2024-04-12 11:38:16.6042|INFO|Microsoft.AspNetCore.Hosting.Diagnostics|Request finished HTTP/2 OPTIONS https://localhost:7186/api/User/SignUp - 204 - - 1.5873ms
2024-04-12 11:38:16.6042|INFO|Microsoft.AspNetCore.Hosting.Diagnostics|Request starting HTTP/2 POST https://localhost:7186/api/User/SignUp - application/json 89
2024-04-12 11:38:16.6042|INFO|Microsoft.AspNetCore.Cors.Infrastructure.CorsService|CORS policy execution successful.
2024-04-12 11:38:16.6042|INFO|Microsoft.AspNetCore.Routing.EndpointMiddleware|Executing endpoint 'FundooNotes.Controllers.UserController.Insert (FundooNotes)'
2024-04-12 11:38:16.6042|INFO|Microsoft.AspNetCore.Mvc.Infrastructure.ControllerActionInvoker|Route matched with {action = "Insert", controller = "User"}. Executing controller action with signature System.Threading.Tasks.Task`1[Microsoft.AspNetCore.Mvc.IActionResult] Insert(ModelLayer.Entities.User) on controller FundooNotes.Controllers.UserController (FundooNotes).
2024-04-12 11:38:16.6042|INFO|Microsoft.AspNetCore.Mvc.Infrastructure.ObjectResultExecutor|Executing BadRequestObjectResult, writing value of type 'ModelLayer.ResponseModel`1[[System.Object, System.Private.CoreLib, Version=8.0.0.0, Culture=neutral, PublicKeyToken=7cec85d7bea7798e]]'.
2024-04-12 11:38:16.6042|INFO|Microsoft.AspNetCore.Mvc.Infrastructure.ControllerActionInvoker|Executed action FundooNotes.Controllers.UserController.Insert (FundooNotes) in 6.4148ms
2024-04-12 11:38:16.6042|INFO|Microsoft.AspNetCore.Routing.EndpointMiddleware|Executed endpoint 'FundooNotes.Controllers.UserController.Insert (FundooNotes)'
2024-04-12 11:38:16.6042|INFO|Microsoft.AspNetCore.Hosting.Diagnostics|Request finished HTTP/2 POST https://localhost:7186/api/User/SignUp - 400 - application/json;+charset=utf-8 6.9363ms
2024-04-12 11:38:22.3715|INFO|Microsoft.AspNetCore.Hosting.Diagnostics|Request starting HTTP/2 GET https://localhost:7186/api/User/SignUp - - -
2024-04-12 11:38:22.3715|INFO|Microsoft.AspNetCore.Routing.EndpointMiddleware|Executing endpoint '405 HTTP Method Not Supported'
2024-04-12 11:38:22.3715|INFO|Microsoft.AspNetCore.Routing.EndpointMiddleware|Executed endpoint '405 HTTP Method Not Supported'
2024-04-12 11:38:22.3715|INFO|Microsoft.AspNetCore.Hosting.Diagnostics|Request finished HTTP/2 GET https://localhost:7186/api/User/SignUp - 405 0 - 6.8983ms
2024-04-12 11:39:18.1741|INFO|Microsoft.AspNetCore.Hosting.Diagnostics|Request starting HTTP/2 OPTIONS https://localhost:7186/api/User/SignUp - - -
2024-04-12 11:39:18.1741|INFO|Microsoft.AspNetCore.Cors.Infrastructure.CorsService|CORS policy execution successful.
2024-04-12 11:39:18.1741|INFO|Microsoft.AspNetCore.Hosting.Diagnostics|Request finished HTTP/2 OPTIONS https://localhost:7186/api/User/SignUp - 204 - - 0.8585ms
2024-04-12 11:39:18.1741|INFO|Microsoft.AspNetCore.Hosting.Diagnostics|Request starting HTTP/2 POST https://localhost:7186/api/User/SignUp - application/json 94
2024-04-12 11:39:18.1741|INFO|Microsoft.AspNetCore.Cors.Infrastructure.CorsService|CORS policy execution successful.
2024-04-12 11:39:18.1741|INFO|Microsoft.AspNetCore.Routing.EndpointMiddleware|Executing endpoint 'FundooNotes.Controllers.UserController.Insert (FundooNotes)'
2024-04-12 11:39:18.1741|INFO|Microsoft.AspNetCore.Mvc.Infrastructure.ControllerActionInvoker|Route matched with {action = "Insert", controller = "User"}. Executing controller action with signature System.Threading.Tasks.Task`1[Microsoft.AspNetCore.Mvc.IActionResult] Insert(ModelLayer.Entities.User) on controller FundooNotes.Controllers.UserController (FundooNotes).
2024-04-12 11:39:18.1855|INFO|Microsoft.AspNetCore.Mvc.Infrastructure.ObjectResultExecutor|Executing BadRequestObjectResult, writing value of type 'ModelLayer.ResponseModel`1[[System.Object, System.Private.CoreLib, Version=8.0.0.0, Culture=neutral, PublicKeyToken=7cec85d7bea7798e]]'.
2024-04-12 11:39:18.1855|INFO|Microsoft.AspNetCore.Mvc.Infrastructure.ControllerActionInvoker|Executed action FundooNotes.Controllers.UserController.Insert (FundooNotes) in 6.5435ms
2024-04-12 11:39:18.1855|INFO|Microsoft.AspNetCore.Routing.EndpointMiddleware|Executed endpoint 'FundooNotes.Controllers.UserController.Insert (FundooNotes)'
2024-04-12 11:39:18.1855|INFO|Microsoft.AspNetCore.Hosting.Diagnostics|Request finished HTTP/2 POST https://localhost:7186/api/User/SignUp - 400 - application/json;+charset=utf-8 7.2147ms
2024-04-12 11:43:48.8279|INFO|Microsoft.AspNetCore.Hosting.Diagnostics|Request starting HTTP/2 OPTIONS https://localhost:7186/api/User/SignUp - - -
2024-04-12 11:43:48.8279|INFO|Microsoft.AspNetCore.Cors.Infrastructure.CorsService|CORS policy execution successful.
2024-04-12 11:43:48.8279|INFO|Microsoft.AspNetCore.Hosting.Diagnostics|Request finished HTTP/2 OPTIONS https://localhost:7186/api/User/SignUp - 204 - - 0.6024ms
2024-04-12 11:43:48.8279|INFO|Microsoft.AspNetCore.Hosting.Diagnostics|Request starting HTTP/2 POST https://localhost:7186/api/User/SignUp - application/json 88
2024-04-12 11:43:48.8279|INFO|Microsoft.AspNetCore.Cors.Infrastructure.CorsService|CORS policy execution successful.
2024-04-12 11:43:48.8279|INFO|Microsoft.AspNetCore.Routing.EndpointMiddleware|Executing endpoint 'FundooNotes.Controllers.UserController.Insert (FundooNotes)'
2024-04-12 11:43:48.8279|INFO|Microsoft.AspNetCore.Mvc.Infrastructure.ControllerActionInvoker|Route matched with {action = "Insert", controller = "User"}. Executing controller action with signature System.Threading.Tasks.Task`1[Microsoft.AspNetCore.Mvc.IActionResult] Insert(ModelLayer.Entities.User) on controller FundooNotes.Controllers.UserController (FundooNotes).
2024-04-12 11:43:48.8388|INFO|Microsoft.AspNetCore.Mvc.Infrastructure.ObjectResultExecutor|Executing BadRequestObjectResult, writing value of type 'ModelLayer.ResponseModel`1[[System.Object, System.Private.CoreLib, Version=8.0.0.0, Culture=neutral, PublicKeyToken=7cec85d7bea7798e]]'.
2024-04-12 11:43:48.8388|INFO|Microsoft.AspNetCore.Mvc.Infrastructure.ControllerActionInvoker|Executed action FundooNotes.Controllers.UserController.Insert (FundooNotes) in 8.8157ms
2024-04-12 11:43:48.8388|INFO|Microsoft.AspNetCore.Routing.EndpointMiddleware|Executed endpoint 'FundooNotes.Controllers.UserController.Insert (FundooNotes)'
2024-04-12 11:43:48.8388|INFO|Microsoft.AspNetCore.Hosting.Diagnostics|Request finished HTTP/2 POST https://localhost:7186/api/User/SignUp - 400 - application/json;+charset=utf-8 9.4492ms
2024-04-12 11:43:52.2433|INFO|Microsoft.AspNetCore.Hosting.Diagnostics|Request starting HTTP/2 GET https://localhost:7186/api/User/SignUp - - -
2024-04-12 11:43:52.2507|INFO|Microsoft.AspNetCore.Routing.EndpointMiddleware|Executing endpoint '405 HTTP Method Not Supported'
2024-04-12 11:43:52.2507|INFO|Microsoft.AspNetCore.Routing.EndpointMiddleware|Executed endpoint '405 HTTP Method Not Supported'
2024-04-12 11:43:52.2507|INFO|Microsoft.AspNetCore.Hosting.Diagnostics|Request finished HTTP/2 GET https://localhost:7186/api/User/SignUp - 405 0 - 7.6045ms
2024-04-12 11:49:30.5957|INFO|Microsoft.AspNetCore.Hosting.Diagnostics|Request starting HTTP/2 GET https://localhost:7186/api/User/Login?email=hello%40gmail.com&password=Hello%40123 - - -
2024-04-12 11:49:30.5957|INFO|Microsoft.AspNetCore.Cors.Infrastructure.CorsService|CORS policy execution successful.
2024-04-12 11:49:30.5957|INFO|Microsoft.AspNetCore.Routing.EndpointMiddleware|Executing endpoint 'FundooNotes.Controllers.UserController.Login (FundooNotes)'
2024-04-12 11:49:30.5957|INFO|Microsoft.AspNetCore.Mvc.Infrastructure.ControllerActionInvoker|Route matched with {action = "Login", controller = "User"}. Executing controller action with signature System.Threading.Tasks.Task`1[Microsoft.AspNetCore.Mvc.IActionResult] Login(System.String, System.String) on controller FundooNotes.Controllers.UserController (FundooNotes).
2024-04-12 11:49:30.6197|INFO|Microsoft.AspNetCore.Mvc.Infrastructure.ObjectResultExecutor|Executing NotFoundObjectResult, writing value of type 'ModelLayer.ResponseModel`1[[System.Object, System.Private.CoreLib, Version=8.0.0.0, Culture=neutral, PublicKeyToken=7cec85d7bea7798e]]'.
2024-04-12 11:49:30.6201|INFO|Microsoft.AspNetCore.Mvc.Infrastructure.ControllerActionInvoker|Executed action FundooNotes.Controllers.UserController.Login (FundooNotes) in 23.2609ms
2024-04-12 11:49:30.6201|INFO|Microsoft.AspNetCore.Routing.EndpointMiddleware|Executed endpoint 'FundooNotes.Controllers.UserController.Login (FundooNotes)'
2024-04-12 11:49:30.6201|INFO|Microsoft.AspNetCore.Hosting.Diagnostics|Request finished HTTP/2 GET https://localhost:7186/api/User/Login?email=hello%40gmail.com&password=Hello%40123 - 404 - application/json;+charset=utf-8 24.5911ms
2024-04-12 11:50:13.7732|INFO|Microsoft.AspNetCore.Hosting.Diagnostics|Request starting HTTP/2 GET https://localhost:7186/api/User/Login?email=haseena%40gmail.com&password=Haseena%40123 - - -
2024-04-12 11:50:13.7732|INFO|Microsoft.AspNetCore.Cors.Infrastructure.CorsService|CORS policy execution successful.
2024-04-12 11:50:13.7732|INFO|Microsoft.AspNetCore.Routing.EndpointMiddleware|Executing endpoint 'FundooNotes.Controllers.UserController.Login (FundooNotes)'
2024-04-12 11:50:13.7732|INFO|Microsoft.AspNetCore.Mvc.Infrastructure.ControllerActionInvoker|Route matched with {action = "Login", controller = "User"}. Executing controller action with signature System.Threading.Tasks.Task`1[Microsoft.AspNetCore.Mvc.IActionResult] Login(System.String, System.String) on controller FundooNotes.Controllers.UserController (FundooNotes).
2024-04-12 11:50:13.7783|INFO|Microsoft.AspNetCore.Mvc.Infrastructure.ObjectResultExecutor|Executing OkObjectResult, writing value of type 'ModelLayer.ResponseModel`1[[System.String, System.Private.CoreLib, Version=8.0.0.0, Culture=neutral, PublicKeyToken=7cec85d7bea7798e]]'.
2024-04-12 11:50:13.7783|INFO|Microsoft.AspNetCore.Mvc.Infrastructure.ControllerActionInvoker|Executed action FundooNotes.Controllers.UserController.Login (FundooNotes) in 4.9229ms
2024-04-12 11:50:13.7783|INFO|Microsoft.AspNetCore.Routing.EndpointMiddleware|Executed endpoint 'FundooNotes.Controllers.UserController.Login (FundooNotes)'
2024-04-12 11:50:13.7783|INFO|Microsoft.AspNetCore.Hosting.Diagnostics|Request finished HTTP/2 GET https://localhost:7186/api/User/Login?email=haseena%40gmail.com&password=Haseena%40123 - 200 - application/json;+charset=utf-8 5.7616ms
2024-04-12 11:50:16.0484|INFO|Microsoft.AspNetCore.Hosting.Diagnostics|Request starting HTTP/2 GET https://localhost:7186/api/User/Login?email=haseena%40gmail.com&password=Haseena%40123 - - -
2024-04-12 11:50:16.0484|INFO|Microsoft.AspNetCore.Routing.EndpointMiddleware|Executing endpoint 'FundooNotes.Controllers.UserController.Login (FundooNotes)'
2024-04-12 11:50:16.0484|INFO|Microsoft.AspNetCore.Mvc.Infrastructure.ControllerActionInvoker|Route matched with {action = "Login", controller = "User"}. Executing controller action with signature System.Threading.Tasks.Task`1[Microsoft.AspNetCore.Mvc.IActionResult] Login(System.String, System.String) on controller FundooNotes.Controllers.UserController (FundooNotes).
2024-04-12 11:50:16.0664|INFO|Microsoft.AspNetCore.Mvc.Infrastructure.ObjectResultExecutor|Executing OkObjectResult, writing value of type 'ModelLayer.ResponseModel`1[[System.String, System.Private.CoreLib, Version=8.0.0.0, Culture=neutral, PublicKeyToken=7cec85d7bea7798e]]'.
2024-04-12 11:50:16.0664|INFO|Microsoft.AspNetCore.Mvc.Infrastructure.ControllerActionInvoker|Executed action FundooNotes.Controllers.UserController.Login (FundooNotes) in 11.0406ms
2024-04-12 11:50:16.0664|INFO|Microsoft.AspNetCore.Routing.EndpointMiddleware|Executed endpoint 'FundooNotes.Controllers.UserController.Login (FundooNotes)'
2024-04-12 11:50:16.0664|INFO|Microsoft.AspNetCore.Hosting.Diagnostics|Request finished HTTP/2 GET https://localhost:7186/api/User/Login?email=haseena%40gmail.com&password=Haseena%40123 - 200 - application/json;+charset=utf-8 18.4699ms
2024-04-12 11:50:16.1474|INFO|Microsoft.AspNetCore.Hosting.Diagnostics|Request starting HTTP/2 GET https://localhost:7186/favicon.ico - - -
2024-04-12 11:50:16.1474|INFO|Microsoft.AspNetCore.Hosting.Diagnostics|Request finished HTTP/2 GET https://localhost:7186/favicon.ico - 404 0 - 0.7819ms
2024-04-12 11:50:16.1513|INFO|Microsoft.AspNetCore.Hosting.Diagnostics|Request reached the end of the middleware pipeline without being handled by application code. Request path: GET https://localhost:7186/favicon.ico, Response status code: 404
2024-04-12 11:51:05.3762|INFO|Microsoft.AspNetCore.Hosting.Diagnostics|Request starting HTTP/2 POST https://localhost:7186/api/User/SignUp - application/json 108
2024-04-12 11:51:05.3762|INFO|Microsoft.AspNetCore.Cors.Infrastructure.CorsService|CORS policy execution successful.
2024-04-12 11:51:05.3762|INFO|Microsoft.AspNetCore.Routing.EndpointMiddleware|Executing endpoint 'FundooNotes.Controllers.UserController.Insert (FundooNotes)'
2024-04-12 11:51:05.3762|INFO|Microsoft.AspNetCore.Mvc.Infrastructure.ControllerActionInvoker|Route matched with {action = "Insert", controller = "User"}. Executing controller action with signature System.Threading.Tasks.Task`1[Microsoft.AspNetCore.Mvc.IActionResult] Insert(ModelLayer.Entities.User) on controller FundooNotes.Controllers.UserController (FundooNotes).
2024-04-12 11:51:05.3868|INFO|Microsoft.AspNetCore.Mvc.Infrastructure.ObjectResultExecutor|Executing OkObjectResult, writing value of type 'ModelLayer.ResponseModel`1[[System.Object, System.Private.CoreLib, Version=8.0.0.0, Culture=neutral, PublicKeyToken=7cec85d7bea7798e]]'.
2024-04-12 11:51:05.3868|INFO|Microsoft.AspNetCore.Mvc.Infrastructure.ControllerActionInvoker|Executed action FundooNotes.Controllers.UserController.Insert (FundooNotes) in 10.8106ms
2024-04-12 11:51:05.3868|INFO|Microsoft.AspNetCore.Routing.EndpointMiddleware|Executed endpoint 'FundooNotes.Controllers.UserController.Insert (FundooNotes)'
2024-04-12 11:51:05.3868|INFO|Microsoft.AspNetCore.Hosting.Diagnostics|Request finished HTTP/2 POST https://localhost:7186/api/User/SignUp - 200 - application/json;+charset=utf-8 12.1001ms
2024-04-12 11:52:21.4531|INFO|Microsoft.AspNetCore.Hosting.Diagnostics|Request starting HTTP/2 OPTIONS https://localhost:7186/api/User/SignUp - - -
2024-04-12 11:52:21.4531|INFO|Microsoft.AspNetCore.Cors.Infrastructure.CorsService|CORS policy execution successful.
2024-04-12 11:52:21.4531|INFO|Microsoft.AspNetCore.Hosting.Diagnostics|Request finished HTTP/2 OPTIONS https://localhost:7186/api/User/SignUp - 204 - - 0.7211ms
2024-04-12 11:52:21.4531|INFO|Microsoft.AspNetCore.Hosting.Diagnostics|Request starting HTTP/2 POST https://localhost:7186/api/User/SignUp - application/json 88
2024-04-12 11:52:21.4531|INFO|Microsoft.AspNetCore.Cors.Infrastructure.CorsService|CORS policy execution successful.
2024-04-12 11:52:21.4531|INFO|Microsoft.AspNetCore.Routing.EndpointMiddleware|Executing endpoint 'FundooNotes.Controllers.UserController.Insert (FundooNotes)'
2024-04-12 11:52:21.4531|INFO|Microsoft.AspNetCore.Mvc.Infrastructure.ControllerActionInvoker|Route matched with {action = "Insert", controller = "User"}. Executing controller action with signature System.Threading.Tasks.Task`1[Microsoft.AspNetCore.Mvc.IActionResult] Insert(ModelLayer.Entities.User) on controller FundooNotes.Controllers.UserController (FundooNotes).
2024-04-12 11:52:21.4531|INFO|Microsoft.AspNetCore.Mvc.Infrastructure.ObjectResultExecutor|Executing BadRequestObjectResult, writing value of type 'ModelLayer.ResponseModel`1[[System.Object, System.Private.CoreLib, Version=8.0.0.0, Culture=neutral, PublicKeyToken=7cec85d7bea7798e]]'.
2024-04-12 11:52:21.4531|INFO|Microsoft.AspNetCore.Mvc.Infrastructure.ControllerActionInvoker|Executed action FundooNotes.Controllers.UserController.Insert (FundooNotes) in 5.7588ms
2024-04-12 11:52:21.4531|INFO|Microsoft.AspNetCore.Routing.EndpointMiddleware|Executed endpoint 'FundooNotes.Controllers.UserController.Insert (FundooNotes)'
2024-04-12 11:52:21.4531|INFO|Microsoft.AspNetCore.Hosting.Diagnostics|Request finished HTTP/2 POST https://localhost:7186/api/User/SignUp - 400 - application/json;+charset=utf-8 6.3407ms
2024-04-12 11:58:04.3290|INFO|Microsoft.AspNetCore.Hosting.Diagnostics|Request starting HTTP/2 OPTIONS https://localhost:7186/api/User/SignUp - - -
2024-04-12 11:58:04.3290|INFO|Microsoft.AspNetCore.Cors.Infrastructure.CorsService|CORS policy execution successful.
2024-04-12 11:58:04.3290|INFO|Microsoft.AspNetCore.Hosting.Diagnostics|Request finished HTTP/2 OPTIONS https://localhost:7186/api/User/SignUp - 204 - - 0.6595ms
2024-04-12 11:58:04.3290|INFO|Microsoft.AspNetCore.Hosting.Diagnostics|Request starting HTTP/2 POST https://localhost:7186/api/User/SignUp - application/json 92
2024-04-12 11:58:04.3290|INFO|Microsoft.AspNetCore.Cors.Infrastructure.CorsService|CORS policy execution successful.
2024-04-12 11:58:04.3290|INFO|Microsoft.AspNetCore.Routing.EndpointMiddleware|Executing endpoint 'FundooNotes.Controllers.UserController.Insert (FundooNotes)'
2024-04-12 11:58:04.3290|INFO|Microsoft.AspNetCore.Mvc.Infrastructure.ControllerActionInvoker|Route matched with {action = "Insert", controller = "User"}. Executing controller action with signature System.Threading.Tasks.Task`1[Microsoft.AspNetCore.Mvc.IActionResult] Insert(ModelLayer.Entities.User) on controller FundooNotes.Controllers.UserController (FundooNotes).
2024-04-12 11:58:04.3548|INFO|Microsoft.AspNetCore.Mvc.Infrastructure.ObjectResultExecutor|Executing BadRequestObjectResult, writing value of type 'ModelLayer.ResponseModel`1[[System.Object, System.Private.CoreLib, Version=8.0.0.0, Culture=neutral, PublicKeyToken=7cec85d7bea7798e]]'.
2024-04-12 11:58:04.3548|INFO|Microsoft.AspNetCore.Mvc.Infrastructure.ControllerActionInvoker|Executed action FundooNotes.Controllers.UserController.Insert (FundooNotes) in 23.2258ms
2024-04-12 11:58:04.3548|INFO|Microsoft.AspNetCore.Routing.EndpointMiddleware|Executed endpoint 'FundooNotes.Controllers.UserController.Insert (FundooNotes)'
2024-04-12 11:58:04.3548|INFO|Microsoft.AspNetCore.Hosting.Diagnostics|Request finished HTTP/2 POST https://localhost:7186/api/User/SignUp - 400 - application/json;+charset=utf-8 23.8019ms
2024-04-12 11:58:35.1849|INFO|Microsoft.AspNetCore.Hosting.Diagnostics|Request starting HTTP/2 OPTIONS https://localhost:7186/api/User/SignUp - - -
2024-04-12 11:58:35.1849|INFO|Microsoft.AspNetCore.Cors.Infrastructure.CorsService|CORS policy execution successful.
2024-04-12 11:58:35.1849|INFO|Microsoft.AspNetCore.Hosting.Diagnostics|Request finished HTTP/2 OPTIONS https://localhost:7186/api/User/SignUp - 204 - - 0.7009ms
2024-04-12 11:58:35.1849|INFO|Microsoft.AspNetCore.Hosting.Diagnostics|Request starting HTTP/2 POST https://localhost:7186/api/User/SignUp - application/json 95
2024-04-12 11:58:35.1849|INFO|Microsoft.AspNetCore.Cors.Infrastructure.CorsService|CORS policy execution successful.
2024-04-12 11:58:35.1849|INFO|Microsoft.AspNetCore.Routing.EndpointMiddleware|Executing endpoint 'FundooNotes.Controllers.UserController.Insert (FundooNotes)'
2024-04-12 11:58:35.1849|INFO|Microsoft.AspNetCore.Mvc.Infrastructure.ControllerActionInvoker|Route matched with {action = "Insert", controller = "User"}. Executing controller action with signature System.Threading.Tasks.Task`1[Microsoft.AspNetCore.Mvc.IActionResult] Insert(ModelLayer.Entities.User) on controller FundooNotes.Controllers.UserController (FundooNotes).
2024-04-12 11:58:35.1849|INFO|Microsoft.AspNetCore.Mvc.Infrastructure.ObjectResultExecutor|Executing BadRequestObjectResult, writing value of type 'ModelLayer.ResponseModel`1[[System.Object, System.Private.CoreLib, Version=8.0.0.0, Culture=neutral, PublicKeyToken=7cec85d7bea7798e]]'.
2024-04-12 11:58:35.1849|INFO|Microsoft.AspNetCore.Mvc.Infrastructure.ControllerActionInvoker|Executed action FundooNotes.Controllers.UserController.Insert (FundooNotes) in 6.0102ms
2024-04-12 11:58:35.1849|INFO|Microsoft.AspNetCore.Routing.EndpointMiddleware|Executed endpoint 'FundooNotes.Controllers.UserController.Insert (FundooNotes)'
2024-04-12 11:58:35.1849|INFO|Microsoft.AspNetCore.Hosting.Diagnostics|Request finished HTTP/2 POST https://localhost:7186/api/User/SignUp - 400 - application/json;+charset=utf-8 6.6165ms
2024-04-12 11:59:24.4331|INFO|Microsoft.AspNetCore.Hosting.Diagnostics|Request starting HTTP/2 OPTIONS https://localhost:7186/api/User/SignUp - - -
2024-04-12 11:59:24.4331|INFO|Microsoft.AspNetCore.Cors.Infrastructure.CorsService|CORS policy execution successful.
2024-04-12 11:59:24.4331|INFO|Microsoft.AspNetCore.Hosting.Diagnostics|Request finished HTTP/2 OPTIONS https://localhost:7186/api/User/SignUp - 204 - - 0.7777ms
2024-04-12 11:59:24.4331|INFO|Microsoft.AspNetCore.Hosting.Diagnostics|Request starting HTTP/2 POST https://localhost:7186/api/User/SignUp - application/json 96
2024-04-12 11:59:24.4331|INFO|Microsoft.AspNetCore.Cors.Infrastructure.CorsService|CORS policy execution successful.
2024-04-12 11:59:24.4331|INFO|Microsoft.AspNetCore.Routing.EndpointMiddleware|Executing endpoint 'FundooNotes.Controllers.UserController.Insert (FundooNotes)'
2024-04-12 11:59:24.4331|INFO|Microsoft.AspNetCore.Mvc.Infrastructure.ControllerActionInvoker|Route matched with {action = "Insert", controller = "User"}. Executing controller action with signature System.Threading.Tasks.Task`1[Microsoft.AspNetCore.Mvc.IActionResult] Insert(ModelLayer.Entities.User) on controller FundooNotes.Controllers.UserController (FundooNotes).
2024-04-12 11:59:24.4331|INFO|Microsoft.AspNetCore.Mvc.Infrastructure.ObjectResultExecutor|Executing BadRequestObjectResult, writing value of type 'ModelLayer.ResponseModel`1[[System.Object, System.Private.CoreLib, Version=8.0.0.0, Culture=neutral, PublicKeyToken=7cec85d7bea7798e]]'.
2024-04-12 11:59:24.4331|INFO|Microsoft.AspNetCore.Mvc.Infrastructure.ControllerActionInvoker|Executed action FundooNotes.Controllers.UserController.Insert (FundooNotes) in 5.012ms
2024-04-12 11:59:24.4331|INFO|Microsoft.AspNetCore.Routing.EndpointMiddleware|Executed endpoint 'FundooNotes.Controllers.UserController.Insert (FundooNotes)'
2024-04-12 11:59:24.4331|INFO|Microsoft.AspNetCore.Hosting.Diagnostics|Request finished HTTP/2 POST https://localhost:7186/api/User/SignUp - 400 - application/json;+charset=utf-8 5.4000ms
2024-04-12 12:06:55.5180|INFO|Microsoft.AspNetCore.Hosting.Diagnostics|Request starting HTTP/2 OPTIONS https://localhost:7186/api/User/SignUp - - -
2024-04-12 12:06:55.5180|INFO|Microsoft.AspNetCore.Cors.Infrastructure.CorsService|CORS policy execution successful.
2024-04-12 12:06:55.5180|INFO|Microsoft.AspNetCore.Hosting.Diagnostics|Request finished HTTP/2 OPTIONS https://localhost:7186/api/User/SignUp - 204 - - 0.5146ms
2024-04-12 12:06:55.5180|INFO|Microsoft.AspNetCore.Hosting.Diagnostics|Request starting HTTP/2 POST https://localhost:7186/api/User/SignUp - application/json 96
2024-04-12 12:06:55.5180|INFO|Microsoft.AspNetCore.Cors.Infrastructure.CorsService|CORS policy execution successful.
2024-04-12 12:06:55.5180|INFO|Microsoft.AspNetCore.Routing.EndpointMiddleware|Executing endpoint 'FundooNotes.Controllers.UserController.Insert (FundooNotes)'
2024-04-12 12:06:55.5180|INFO|Microsoft.AspNetCore.Mvc.Infrastructure.ControllerActionInvoker|Route matched with {action = "Insert", controller = "User"}. Executing controller action with signature System.Threading.Tasks.Task`1[Microsoft.AspNetCore.Mvc.IActionResult] Insert(ModelLayer.Entities.User) on controller FundooNotes.Controllers.UserController (FundooNotes).
2024-04-12 12:06:55.5416|INFO|Microsoft.AspNetCore.Mvc.Infrastructure.ObjectResultExecutor|Executing OkObjectResult, writing value of type 'ModelLayer.ResponseModel`1[[System.Object, System.Private.CoreLib, Version=8.0.0.0, Culture=neutral, PublicKeyToken=7cec85d7bea7798e]]'.
2024-04-12 12:06:55.5416|INFO|Microsoft.AspNetCore.Mvc.Infrastructure.ControllerActionInvoker|Executed action FundooNotes.Controllers.UserController.Insert (FundooNotes) in 21.1754ms
2024-04-12 12:06:55.5416|INFO|Microsoft.AspNetCore.Routing.EndpointMiddleware|Executed endpoint 'FundooNotes.Controllers.UserController.Insert (FundooNotes)'
2024-04-12 12:06:55.5416|INFO|Microsoft.AspNetCore.Hosting.Diagnostics|Request finished HTTP/2 POST https://localhost:7186/api/User/SignUp - 200 - application/json;+charset=utf-8 22.3479ms
2024-04-12 12:23:27.8224|INFO|Microsoft.AspNetCore.Hosting.Diagnostics|Request starting HTTP/2 GET https://localhost:7186/api/User/Login?email=haseena%40gmail.com&password=Haseena%40123 - - -
2024-04-12 12:23:27.8224|INFO|Microsoft.AspNetCore.Cors.Infrastructure.CorsService|CORS policy execution successful.
2024-04-12 12:23:27.8224|INFO|Microsoft.AspNetCore.Routing.EndpointMiddleware|Executing endpoint 'FundooNotes.Controllers.UserController.Login (FundooNotes)'
2024-04-12 12:23:27.8231|INFO|Microsoft.AspNetCore.Mvc.Infrastructure.ControllerActionInvoker|Route matched with {action = "Login", controller = "User"}. Executing controller action with signature System.Threading.Tasks.Task`1[Microsoft.AspNetCore.Mvc.IActionResult] Login(System.String, System.String) on controller FundooNotes.Controllers.UserController (FundooNotes).
2024-04-12 12:23:27.8231|INFO|Microsoft.AspNetCore.Mvc.Infrastructure.ObjectResultExecutor|Executing OkObjectResult, writing value of type 'ModelLayer.ResponseModel`1[[System.String, System.Private.CoreLib, Version=8.0.0.0, Culture=neutral, PublicKeyToken=7cec85d7bea7798e]]'.
2024-04-12 12:23:27.8231|INFO|Microsoft.AspNetCore.Mvc.Infrastructure.ControllerActionInvoker|Executed action FundooNotes.Controllers.UserController.Login (FundooNotes) in 10.0052ms
2024-04-12 12:23:27.8231|INFO|Microsoft.AspNetCore.Routing.EndpointMiddleware|Executed endpoint 'FundooNotes.Controllers.UserController.Login (FundooNotes)'
2024-04-12 12:23:27.8231|INFO|Microsoft.AspNetCore.Hosting.Diagnostics|Request finished HTTP/2 GET https://localhost:7186/api/User/Login?email=haseena%40gmail.com&password=Haseena%40123 - 200 - application/json;+charset=utf-8 10.8950ms
